Send Err-INIT ErrRate: 0.10 Drop: Y Flip: N Rand: Y Debug: Y
SEND MSG#   1 SEQ#   0 LEN   36 FLAGS  8   -FNAME request
RECV          SEQ#   0 LEN    9 FLAGS  9   -FNAME response
RECV          SEQ#   0 LEN 1007 FLAGS 16   -Data #:    0
SEND MSG#   2 SEQ#   1 LEN    9 FLAGS  5   -RR #:   1381105664
RECV          SEQ#   1 LEN 1007 FLAGS 16   -Data #:    1
SEND MSG#   3 SEQ#   2 LEN    9 FLAGS  5   -RR #:   1381105664
RECV          SEQ#   2 LEN 1007 FLAGS 16   -Data #:    2
SEND MSG#   4 SEQ#   3 LEN    9 FLAGS  5   -RR #:   1381105664 - DROPPED 
RECV          SEQ#   3 LEN 1007 FLAGS 16   -Data #:    3
SEND MSG#   5 SEQ#   4 LEN    9 FLAGS  5   -RR #:   1381105664
RECV          SEQ#   4 LEN 1007 FLAGS 16   -Data #:    4
SEND MSG#   6 SEQ#   5 LEN    9 FLAGS  5   -RR #:   1381105664
RECV          SEQ#   5 LEN 1007 FLAGS 16   -Data #:    5
SEND MSG#   7 SEQ#   6 LEN    9 FLAGS  5   -RR #:   1381105664
RECV          SEQ#   6 LEN 1007 FLAGS 16   -Data #:    6
SEND MSG#   8 SEQ#   7 LEN    9 FLAGS  5   -RR #:   1381105664
RECV          SEQ#   7 LEN 1007 FLAGS 16   -Data #:    7
SEND MSG#   9 SEQ#   8 LEN    9 FLAGS  5   -RR #:   1381105664
RECV          SEQ#   8 LEN 1007 FLAGS 16   -Data #:    8
SEND MSG#  10 SEQ#   9 LEN    9 FLAGS  5   -RR #:   1381105664
RECV          SEQ#   9 LEN 1007 FLAGS 16   -Data #:    9
SEND MSG#  11 SEQ#  10 LEN    9 FLAGS  5   -RR #:   1381105664
RECV          SEQ#  10 LEN 1007 FLAGS 16   -Data #:   10
SEND MSG#  12 SEQ#  11 LEN    9 FLAGS  5   -RR #:   1381105664
RECV          SEQ#  11 LEN 1007 FLAGS 16   -Data #:   11
SEND MSG#  13 SEQ#  12 LEN    9 FLAGS  5   -RR #:   1381105664
RECV          SEQ#  12 LEN 1007 FLAGS 16   -Data #:   12
SEND MSG#  14 SEQ#  13 LEN    9 FLAGS  5   -RR #:   1381105664
RECV          SEQ#  13 LEN 1007 FLAGS 16   -Data #:   13
SEND MSG#  15 SEQ#  14 LEN    9 FLAGS  5   -RR #:   1381105664
RECV          SEQ#  14 LEN 1007 FLAGS 16   -Data #:   14
SEND MSG#  16 SEQ#  15 LEN    9 FLAGS  5   -RR #:   1381105664
RECV          SEQ#  15 LEN 1007 FLAGS 16   -Data #:   15
SEND MSG#  17 SEQ#  16 LEN    9 FLAGS  5   -RR #:   1381105664
RECV          SEQ#  16 LEN 1007 FLAGS 16   -Data #:   16
SEND MSG#  18 SEQ#  17 LEN    9 FLAGS  5   -RR #:   1381105664
RECV          SEQ#  17 LEN 1007 FLAGS 16   -Data #:   17
SEND MSG#  19 SEQ#  18 LEN    9 FLAGS  5   -RR #:   1381105664
RECV          SEQ#  18 LEN 1007 FLAGS 16   -Data #:   18
SEND MSG#  20 SEQ#  19 LEN    9 FLAGS  5   -RR #:   1381105664
RECV          SEQ#  19 LEN 1007 FLAGS 16   -Data #:   19
SEND MSG#  21 SEQ#  20 LEN    9 FLAGS  5   -RR #:   1381105664
RECV          SEQ#  20 LEN 1007 FLAGS 16   -Data #:   20
SEND MSG#  22 SEQ#  21 LEN    9 FLAGS  5   -RR #:   1381105664
RECV          SEQ#  21 LEN 1007 FLAGS 16   -Data #:   21
SEND MSG#  23 SEQ#  22 LEN    9 FLAGS  5   -RR #:   1381105664
RECV          SEQ#  22 LEN 1007 FLAGS 16   -Data #:   22
SEND MSG#  24 SEQ#  23 LEN    9 FLAGS  5   -RR #:   1381105664
RECV          SEQ#  23 LEN 1007 FLAGS 16   -Data #:   23
SEND MSG#  25 SEQ#  24 LEN    9 FLAGS  5   -RR #:   1381105664
RECV          SEQ#  24 LEN 1007 FLAGS 16   -Data #:   24
SEND MSG#  26 SEQ#  25 LEN    9 FLAGS  5   -RR #:   1381105664
RECV          SEQ#  25 LEN 1007 FLAGS 16   -Data #:   25
SEND MSG#  27 SEQ#  26 LEN    9 FLAGS  5   -RR #:   1381105664
RECV          SEQ#  26 LEN 1007 FLAGS 16   -Data #:   26
SEND MSG#  28 SEQ#  27 LEN    9 FLAGS  5   -RR #:   1381105664
RECV          SEQ#  27 LEN 1007 FLAGS 16   -Data #:   27
SEND MSG#  29 SEQ#  28 LEN    9 FLAGS  5   -RR #:   1381105664
RECV          SEQ#  28 LEN 1007 FLAGS 16   -Data #:   28
SEND MSG#  30 SEQ#  29 LEN    9 FLAGS  5   -RR #:   1381105664 - DROPPED 
RECV          SEQ#  29 LEN 1007 FLAGS 16   -Data #:   29
SEND MSG#  31 SEQ#  30 LEN    9 FLAGS  5   -RR #:   1381105664
RECV          SEQ#  30 LEN 1007 FLAGS 16   -Data #:   30
SEND MSG#  32 SEQ#  31 LEN    9 FLAGS  5   -RR #:   1381105664
RECV          SEQ#  31 LEN 1007 FLAGS 16   -Data #:   31
SEND MSG#  33 SEQ#  32 LEN    9 FLAGS  5   -RR #:   1381105664
RECV          SEQ#  32 LEN 1007 FLAGS 16   -Data #:   32
SEND MSG#  34 SEQ#  33 LEN    9 FLAGS  5   -RR #:   1381105664 - DROPPED 
RECV          SEQ#  33 LEN 1007 FLAGS 16   -Data #:   33
SEND MSG#  35 SEQ#  34 LEN    9 FLAGS  5   -RR #:   1381105664 - DROPPED 
RECV          SEQ#  34 LEN 1007 FLAGS 16   -Data #:   34
SEND MSG#  36 SEQ#  35 LEN    9 FLAGS  5   -RR #:   1381105664
RECV          SEQ#  35 LEN 1007 FLAGS 16   -Data #:   35
SEND MSG#  37 SEQ#  36 LEN    9 FLAGS  5   -RR #:   1381105664
RECV          SEQ#  36 LEN 1007 FLAGS 16   -Data #:   36
SEND MSG#  38 SEQ#  37 LEN    9 FLAGS  5   -RR #:   1381105664
RECV          SEQ#  37 LEN 1007 FLAGS 16   -Data #:   37
SEND MSG#  39 SEQ#  38 LEN    9 FLAGS  5   -RR #:   1381105664
RECV          SEQ#  38 LEN 1007 FLAGS 16   -Data #:   38
SEND MSG#  40 SEQ#  39 LEN    9 FLAGS  5   -RR #:   1381105664
RECV          SEQ#  39 LEN 1007 FLAGS 16   -Data #:   39
SEND MSG#  41 SEQ#  40 LEN    9 FLAGS  5   -RR #:   1381105664
RECV          SEQ#  40 LEN 1007 FLAGS 16   -Data #:   40
SEND MSG#  42 SEQ#  41 LEN    9 FLAGS  5   -RR #:   1381105664
RECV          SEQ#  41 LEN 1007 FLAGS 16   -Data #:   41
SEND MSG#  43 SEQ#  42 LEN    9 FLAGS  5   -RR #:   1381105664
RECV          SEQ#  42 LEN 1007 FLAGS 16   -Data #:   42
SEND MSG#  44 SEQ#  43 LEN    9 FLAGS  5   -RR #:   1381105664
RECV          SEQ#  43 LEN 1007 FLAGS 16   -Data #:   43
SEND MSG#  45 SEQ#  44 LEN    9 FLAGS  5   -RR #:   1381105664 - DROPPED 
RECV          SEQ#  44 LEN 1007 FLAGS 16   -Data #:   44
SEND MSG#  46 SEQ#  45 LEN    9 FLAGS  5   -RR #:   1381105664
RECV          SEQ#  45 LEN 1007 FLAGS 16   -Data #:   45
SEND MSG#  47 SEQ#  46 LEN    9 FLAGS  5   -RR #:   1381105664
RECV          SEQ#  46 LEN 1007 FLAGS 16   -Data #:   46
SEND MSG#  48 SEQ#  47 LEN    9 FLAGS  5   -RR #:   1381105664
RECV          SEQ#  47 LEN 1007 FLAGS 16   -Data #:   47
SEND MSG#  49 SEQ#  48 LEN    9 FLAGS  5   -RR #:   1381105664
RECV          SEQ#  48 LEN 1007 FLAGS 16   -Data #:   48
SEND MSG#  50 SEQ#  49 LEN    9 FLAGS  5   -RR #:   1381105664
RECV          SEQ#  49 LEN 1007 FLAGS 16   -Data #:   49
SEND MSG#  51 SEQ#  50 LEN    9 FLAGS  5   -RR #:   1381105664
RECV          SEQ#  50 LEN 1007 FLAGS 16   -Data #:   50
SEND MSG#  52 SEQ#  51 LEN    9 FLAGS  5   -RR #:   1381105664
RECV          SEQ#  51 LEN 1007 FLAGS 16   -Data #:   51
SEND MSG#  53 SEQ#  52 LEN    9 FLAGS  5   -RR #:   1381105664
RECV          SEQ#  52 LEN 1007 FLAGS 16   -Data #:   52
SEND MSG#  54 SEQ#  53 LEN    9 FLAGS  5   -RR #:   1381105664
RECV          SEQ#  53 LEN 1007 FLAGS 16   -Data #:   53
SEND MSG#  55 SEQ#  54 LEN    9 FLAGS  5   -RR #:   1381105664
RECV          SEQ#  54 LEN 1007 FLAGS 16   -Data #:   54
SEND MSG#  56 SEQ#  55 LEN    9 FLAGS  5   -RR #:   1381105664
RECV          SEQ#  55 LEN 1007 FLAGS 16   -Data #:   55
SEND MSG#  57 SEQ#  56 LEN    9 FLAGS  5   -RR #:   1381105664 - DROPPED 
RECV          SEQ#  56 LEN 1007 FLAGS 16   -Data #:   56
SEND MSG#  58 SEQ#  57 LEN    9 FLAGS  5   -RR #:   1381105664
RECV          SEQ#  57 LEN 1007 FLAGS 16   -Data #:   57
SEND MSG#  59 SEQ#  58 LEN    9 FLAGS  5   -RR #:   1381105664
RECV          SEQ#  58 LEN 1007 FLAGS 16   -Data #:   58
SEND MSG#  60 SEQ#  59 LEN    9 FLAGS  5   -RR #:   1381105664
RECV          SEQ#  59 LEN 1007 FLAGS 16   -Data #:   59
SEND MSG#  61 SEQ#  60 LEN    9 FLAGS  5   -RR #:   1381105664 - DROPPED 
RECV          SEQ#  60 LEN 1007 FLAGS 16   -Data #:   60
SEND MSG#  62 SEQ#  61 LEN    9 FLAGS  5   -RR #:   1381105664
RECV          SEQ#  61 LEN 1007 FLAGS 16   -Data #:   61
SEND MSG#  63 SEQ#  62 LEN    9 FLAGS  5   -RR #:   1381105664
RECV          SEQ#  62 LEN 1007 FLAGS 16   -Data #:   62
SEND MSG#  64 SEQ#  63 LEN    9 FLAGS  5   -RR #:   1381105664 - DROPPED 
RECV          SEQ#  63 LEN 1007 FLAGS 16   -Data #:   63
SEND MSG#  65 SEQ#  64 LEN    9 FLAGS  5   -RR #:   1381105664
RECV          SEQ#  64 LEN 1007 FLAGS 16   -Data #:   64
SEND MSG#  66 SEQ#  65 LEN    9 FLAGS  5   -RR #:   1381105664
RECV          SEQ#  65 LEN 1007 FLAGS 16   -Data #:   65
SEND MSG#  67 SEQ#  66 LEN    9 FLAGS  5   -RR #:   1381105664
RECV          SEQ#  66 LEN 1007 FLAGS 16   -Data #:   66
SEND MSG#  68 SEQ#  67 LEN    9 FLAGS  5   -RR #:   1381105664
RECV          SEQ#  67 LEN 1007 FLAGS 16   -Data #:   67
SEND MSG#  69 SEQ#  68 LEN    9 FLAGS  5   -RR #:   1381105664
RECV          SEQ#  68 LEN 1007 FLAGS 16   -Data #:   68
SEND MSG#  70 SEQ#  69 LEN    9 FLAGS  5   -RR #:   1381105664
RECV          SEQ#  69 LEN 1007 FLAGS 16   -Data #:   69
SEND MSG#  71 SEQ#  70 LEN    9 FLAGS  5   -RR #:   1381105664
RECV          SEQ#  70 LEN 1007 FLAGS 16   -Data #:   70
SEND MSG#  72 SEQ#  71 LEN    9 FLAGS  5   -RR #:   1381105664
RECV          SEQ#  71 LEN 1007 FLAGS 16   -Data #:   71
SEND MSG#  73 SEQ#  72 LEN    9 FLAGS  5   -RR #:   1381105664
RECV          SEQ#  72 LEN 1007 FLAGS 16   -Data #:   72
SEND MSG#  74 SEQ#  73 LEN    9 FLAGS  5   -RR #:   1381105664
RECV          SEQ#  73 LEN 1007 FLAGS 16   -Data #:   73
SEND MSG#  75 SEQ#  74 LEN    9 FLAGS  5   -RR #:   1381105664
RECV          SEQ#  74 LEN 1007 FLAGS 16   -Data #:   74
SEND MSG#  76 SEQ#  75 LEN    9 FLAGS  5   -RR #:   1381105664
RECV          SEQ#  75 LEN 1007 FLAGS 16   -Data #:   75
SEND MSG#  77 SEQ#  76 LEN    9 FLAGS  5   -RR #:   1381105664 - DROPPED 
RECV          SEQ#  76 LEN 1007 FLAGS 16   -Data #:   76
SEND MSG#  78 SEQ#  77 LEN    9 FLAGS  5   -RR #:   1381105664
RECV          SEQ#  77 LEN 1007 FLAGS 16   -Data #:   77
SEND MSG#  79 SEQ#  78 LEN    9 FLAGS  5   -RR #:   1381105664
RECV          SEQ#  78 LEN 1007 FLAGS 16   -Data #:   78
SEND MSG#  80 SEQ#  79 LEN    9 FLAGS  5   -RR #:   1381105664
RECV          SEQ#  79 LEN 1007 FLAGS 16   -Data #:   79
SEND MSG#  81 SEQ#  80 LEN    9 FLAGS  5   -RR #:   1381105664
RECV          SEQ#  80 LEN 1007 FLAGS 16   -Data #:   80
SEND MSG#  82 SEQ#  81 LEN    9 FLAGS  5   -RR #:   1381105664
RECV          SEQ#  81 LEN 1007 FLAGS 16   -Data #:   81
SEND MSG#  83 SEQ#  82 LEN    9 FLAGS  5   -RR #:   1381105664
RECV          SEQ#  82 LEN 1007 FLAGS 16   -Data #:   82
SEND MSG#  84 SEQ#  83 LEN    9 FLAGS  5   -RR #:   1381105664
RECV          SEQ#  83 LEN 1007 FLAGS 16   -Data #:   83
SEND MSG#  85 SEQ#  84 LEN    9 FLAGS  5   -RR #:   1381105664
RECV          SEQ#  84 LEN 1007 FLAGS 16   -Data #:   84
SEND MSG#  86 SEQ#  85 LEN    9 FLAGS  5   -RR #:   1381105664
RECV          SEQ#  85 LEN 1007 FLAGS 16   -Data #:   85
SEND MSG#  87 SEQ#  86 LEN    9 FLAGS  5   -RR #:   1381105664
RECV          SEQ#  86 LEN 1007 FLAGS 16   -Data #:   86
SEND MSG#  88 SEQ#  87 LEN    9 FLAGS  5   -RR #:   1381105664
RECV          SEQ#  87 LEN 1007 FLAGS 16   -Data #:   87
SEND MSG#  89 SEQ#  88 LEN    9 FLAGS  5   -RR #:   1381105664
RECV          SEQ#  88 LEN 1007 FLAGS 16   -Data #:   88
SEND MSG#  90 SEQ#  89 LEN    9 FLAGS  5   -RR #:   1381105664
RECV          SEQ#  89 LEN 1007 FLAGS 16   -Data #:   89
SEND MSG#  91 SEQ#  90 LEN    9 FLAGS  5   -RR #:   1381105664
RECV          SEQ#  90 LEN 1007 FLAGS 16   -Data #:   90
SEND MSG#  92 SEQ#  91 LEN    9 FLAGS  5   -RR #:   1381105664
RECV          SEQ#  91 LEN 1007 FLAGS 16   -Data #:   91
SEND MSG#  93 SEQ#  92 LEN    9 FLAGS  5   -RR #:   1381105664
RECV          SEQ#  92 LEN 1007 FLAGS 16   -Data #:   92
SEND MSG#  94 SEQ#  93 LEN    9 FLAGS  5   -RR #:   1381105664
RECV          SEQ#  93 LEN 1007 FLAGS 16   -Data #:   93
SEND MSG#  95 SEQ#  94 LEN    9 FLAGS  5   -RR #:   1381105664
RECV          SEQ#  94 LEN 1007 FLAGS 16   -Data #:   94
SEND MSG#  96 SEQ#  95 LEN    9 FLAGS  5   -RR #:   1381105664
RECV          SEQ#  95 LEN 1007 FLAGS 16   -Data #:   95
SEND MSG#  97 SEQ#  96 LEN    9 FLAGS  5   -RR #:   1381105664
RECV          SEQ#  96 LEN 1007 FLAGS 16   -Data #:   96
SEND MSG#  98 SEQ#  97 LEN    9 FLAGS  5   -RR #:   1381105664
RECV          SEQ#  97 LEN 1007 FLAGS 16   -Data #:   97
SEND MSG#  99 SEQ#  98 LEN    9 FLAGS  5   -RR #:   1381105664
RECV          SEQ#  98 LEN 1007 FLAGS 16   -Data #:   98
SEND MSG# 100 SEQ#  99 LEN    9 FLAGS  5   -RR #:   1381105664
RECV          SEQ#  99 LEN 1007 FLAGS 16   -Data #:   99
SEND MSG# 101 SEQ# 100 LEN    9 FLAGS  5   -RR #:   1381105664 - DROPPED 
RECV          SEQ# 100 LEN 1007 FLAGS 16   -Data #:  100
SEND MSG# 102 SEQ# 101 LEN    9 FLAGS  5   -RR #:   1381105664 - DROPPED 
RECV          SEQ# 101 LEN 1007 FLAGS 16   -Data #:  101
SEND MSG# 103 SEQ# 102 LEN    9 FLAGS  5   -RR #:   1381105664
RECV          SEQ# 102 LEN 1007 FLAGS 16   -Data #:  102
SEND MSG# 104 SEQ# 103 LEN    9 FLAGS  5   -RR #:   1381105664
RECV          SEQ# 103 LEN 1007 FLAGS 16   -Data #:  103
SEND MSG# 105 SEQ# 104 LEN    9 FLAGS  5   -RR #:   1381105664 - DROPPED 
RECV          SEQ# 104 LEN 1007 FLAGS 16   -Data #:  104
SEND MSG# 106 SEQ# 105 LEN    9 FLAGS  5   -RR #:   1381105664
RECV          SEQ# 105 LEN 1007 FLAGS 16   -Data #:  105
SEND MSG# 107 SEQ# 106 LEN    9 FLAGS  5   -RR #:   1381105664
RECV          SEQ# 106 LEN 1007 FLAGS 16   -Data #:  106
SEND MSG# 108 SEQ# 107 LEN    9 FLAGS  5   -RR #:   1381105664
RECV          SEQ# 107 LEN 1007 FLAGS 16   -Data #:  107
SEND MSG# 109 SEQ# 108 LEN    9 FLAGS  5   -RR #:   1381105664 - DROPPED 
RECV          SEQ# 108 LEN 1007 FLAGS 16   -Data #:  108
SEND MSG# 110 SEQ# 109 LEN    9 FLAGS  5   -RR #:   1381105664
RECV          SEQ# 109 LEN 1007 FLAGS 16   -Data #:  109
SEND MSG# 111 SEQ# 110 LEN    9 FLAGS  5   -RR #:   1381105664
RECV          SEQ# 110 LEN 1007 FLAGS 16   -Data #:  110
SEND MSG# 112 SEQ# 111 LEN    9 FLAGS  5   -RR #:   1381105664
RECV          SEQ# 111 LEN 1007 FLAGS 16   -Data #:  111
SEND MSG# 113 SEQ# 112 LEN    9 FLAGS  5   -RR #:   1381105664
RECV          SEQ# 112 LEN 1007 FLAGS 16   -Data #:  112
SEND MSG# 114 SEQ# 113 LEN    9 FLAGS  5   -RR #:   1381105664
RECV          SEQ# 113 LEN 1007 FLAGS 16   -Data #:  113
SEND MSG# 115 SEQ# 114 LEN    9 FLAGS  5   -RR #:   1381105664
RECV          SEQ# 114 LEN 1007 FLAGS 16   -Data #:  114
SEND MSG# 116 SEQ# 115 LEN    9 FLAGS  5   -RR #:   1381105664 - DROPPED 
RECV          SEQ# 115 LEN 1007 FLAGS 16   -Data #:  115
SEND MSG# 117 SEQ# 116 LEN    9 FLAGS  5   -RR #:   1381105664
RECV          SEQ# 116 LEN 1007 FLAGS 16   -Data #:  116
SEND MSG# 118 SEQ# 117 LEN    9 FLAGS  5   -RR #:   1381105664
RECV          SEQ# 117 LEN 1007 FLAGS 16   -Data #:  117
SEND MSG# 119 SEQ# 118 LEN    9 FLAGS  5   -RR #:   1381105664
RECV          SEQ# 118 LEN 1007 FLAGS 16   -Data #:  118
SEND MSG# 120 SEQ# 119 LEN    9 FLAGS  5   -RR #:   1381105664
RECV          SEQ# 119 LEN 1007 FLAGS 16   -Data #:  119
SEND MSG# 121 SEQ# 120 LEN    9 FLAGS  5   -RR #:   1381105664 - DROPPED 
RECV          SEQ# 120 LEN 1007 FLAGS 16   -Data #:  120
SEND MSG# 122 SEQ# 121 LEN    9 FLAGS  5   -RR #:   1381105664
RECV          SEQ# 121 LEN 1007 FLAGS 16   -Data #:  121
SEND MSG# 123 SEQ# 122 LEN    9 FLAGS  5   -RR #:   1381105664
RECV          SEQ# 122 LEN 1007 FLAGS 16   -Data #:  122
SEND MSG# 124 SEQ# 123 LEN    9 FLAGS  5   -RR #:   1381105664
RECV          SEQ# 123 LEN 1007 FLAGS 16   -Data #:  123
SEND MSG# 125 SEQ# 124 LEN    9 FLAGS  5   -RR #:   1381105664
RECV          SEQ# 124 LEN 1007 FLAGS 16   -Data #:  124
SEND MSG# 126 SEQ# 125 LEN    9 FLAGS  5   -RR #:   1381105664 - DROPPED 
RECV          SEQ# 125 LEN 1007 FLAGS 16   -Data #:  125
SEND MSG# 127 SEQ# 126 LEN    9 FLAGS  5   -RR #:   1381105664
RECV          SEQ# 126 LEN 1007 FLAGS 16   -Data #:  126
SEND MSG# 128 SEQ# 127 LEN    9 FLAGS  5   -RR #:   1381105664
RECV          SEQ# 127 LEN 1007 FLAGS 16   -Data #:  127
SEND MSG# 129 SEQ# 128 LEN    9 FLAGS  5   -RR #:   1381105664
RECV          SEQ# 128 LEN 1007 FLAGS 16   -Data #:  128
SEND MSG# 130 SEQ# 129 LEN    9 FLAGS  5   -RR #:   1381105664
RECV          SEQ# 129 LEN 1007 FLAGS 16   -Data #:  129
SEND MSG# 131 SEQ# 130 LEN    9 FLAGS  5   -RR #:   1381105664
RECV          SEQ# 130 LEN 1007 FLAGS 16   -Data #:  130
SEND MSG# 132 SEQ# 131 LEN    9 FLAGS  5   -RR #:   1381105664
RECV          SEQ# 131 LEN 1007 FLAGS 16   -Data #:  131
SEND MSG# 133 SEQ# 132 LEN    9 FLAGS  5   -RR #:   1381105664
RECV          SEQ# 132 LEN 1007 FLAGS 16   -Data #:  132
SEND MSG# 134 SEQ# 133 LEN    9 FLAGS  5   -RR #:   1381105664
RECV          SEQ# 133 LEN 1007 FLAGS 16   -Data #:  133
SEND MSG# 135 SEQ# 134 LEN    9 FLAGS  5   -RR #:   1381105664
RECV          SEQ# 134 LEN 1007 FLAGS 16   -Data #:  134
SEND MSG# 136 SEQ# 135 LEN    9 FLAGS  5   -RR #:   1381105664
RECV          SEQ# 135 LEN 1007 FLAGS 16   -Data #:  135
SEND MSG# 137 SEQ# 136 LEN    9 FLAGS  5   -RR #:   1381105664
RECV          SEQ# 136 LEN 1007 FLAGS 16   -Data #:  136
SEND MSG# 138 SEQ# 137 LEN    9 FLAGS  5   -RR #:   1381105664
RECV          SEQ# 137 LEN 1007 FLAGS 16   -Data #:  137
SEND MSG# 139 SEQ# 138 LEN    9 FLAGS  5   -RR #:   1381105664
RECV          SEQ# 138 LEN 1007 FLAGS 16   -Data #:  138
SEND MSG# 140 SEQ# 139 LEN    9 FLAGS  5   -RR #:   1381105664
RECV          SEQ# 139 LEN 1007 FLAGS 16   -Data #:  139
SEND MSG# 141 SEQ# 140 LEN    9 FLAGS  5   -RR #:   1381105664
RECV          SEQ# 140 LEN 1007 FLAGS 16   -Data #:  140
SEND MSG# 142 SEQ# 141 LEN    9 FLAGS  5   -RR #:   1381105664
RECV          SEQ# 141 LEN 1007 FLAGS 16   -Data #:  141
SEND MSG# 143 SEQ# 142 LEN    9 FLAGS  5   -RR #:   1381105664
RECV          SEQ# 142 LEN 1007 FLAGS 16   -Data #:  142
SEND MSG# 144 SEQ# 143 LEN    9 FLAGS  5   -RR #:   1381105664
RECV          SEQ# 143 LEN 1007 FLAGS 16   -Data #:  143
argc: 8----- FSM: STATE_INIT -----
Server info - IP: ::ffff:127.0.0.1 Port: 41418 
----- FSM: STATE_HANDSHAKE -----
Sent filename packet: test_files/large.dat
Handshake attempt 1...
Received ACK from server.
ACK Payload: "Ok"
Handshake successful! Proceeding to file reception at port: 58746
----- FSM: STATE_FILE_RECEIVE -----
Writing packet 0 to file
Writing packet 1 to file
Writing packet 2 to file
Writing packet 3 to file
Writing packet 4 to file
Writing packet 5 to file
Writing packet 6 to file
Writing packet 7 to file
Writing packet 8 to file
Writing packet 9 to file
Writing packet 10 to file
Writing packet 11 to file
Writing packet 12 to file
Writing packet 13 to file
Writing packet 14 to file
Writing packet 15 to file
Writing packet 16 to file
Writing packet 17 to file
Writing packet 18 to file
Writing packet 19 to file
Writing packet 20 to file
Writing packet 21 to file
Writing packet 22 to file
Writing packet 23 to file
Writing packet 24 to file
Writing packet 25 to file
Writing packet 26 to file
Writing packet 27 to file
Writing packet 28 to file
Writing packet 29 to file
Writing packet 30 to file
Writing packet 31 to file
Writing packet 32 to file
Writing packet 33 to file
Writing packet 34 to file
Writing packet 35 to file
Writing packet 36 to file
Writing packet 37 to file
Writing packet 38 to file
Writing packet 39 to file
Writing packet 40 to file
Writing packet 41 to file
Writing packet 42 to file
Writing packet 43 to file
Writing packet 44 to file
Writing packet 45 to file
Writing packet 46 to file
Writing packet 47 to file
Writing packet 48 to file
Writing packet 49 to file
Writing packet 50 to file
Writing packet 51 to file
Writing packet 52 to file
Writing packet 53 to file
Writing packet 54 to file
Writing packet 55 to file
Writing packet 56 to file
Writing packet 57 to file
Writing packet 58 to file
Writing packet 59 to file
Writing packet 60 to file
Writing packet 61 to file
Writing packet 62 to file
Writing packet 63 to file
Writing packet 64 to file
Writing packet 65 to file
Writing packet 66 to file
Writing packet 67 to file
Writing packet 68 to file
Writing packet 69 to file
Writing packet 70 to file
Writing packet 71 to file
Writing packet 72 to file
Writing packet 73 to file
Writing packet 74 to file
Writing packet 75 to file
Writing packet 76 to file
Writing packet 77 to file
Writing packet 78 to file
Writing packet 79 to file
Writing packet 80 to file
Writing packet 81 to file
Writing packet 82 to file
Writing packet 83 to file
Writing packet 84 to file
Writing packet 85 to file
Writing packet 86 to file
Writing packet 87 to file
Writing packet 88 to file
Writing packet 89 to file
Writing packet 90 to file
Writing packet 91 to file
Writing packet 92 to file
Writing packet 93 to file
Writing packet 94 to file
Writing packet 95 to file
Writing packet 96 to file
Writing packet 97 to file
Writing packet 98 to file
Writing packet 99 to file
Writing packet 100 to file
Writing packet 101 to file
Writing packet 102 to file
Writing packet 103 to file
Writing packet 104 to file
Writing packet 105 to file
Writing packet 106 to file
Writing packet 107 to file
Writing packet 108 to file
Writing packet 109 to file
Writing packet 110 to file
Writing packet 111 to file
Writing packet 112 to file
Writing packet 113 to file
Writing packet 114 to file
Writing packet 115 to file
Writing packet 116 to file
Writing packet 117 to file
Writing packet 118 to file
Writing packet 119 to file
Writing packet 120 to file
Writing packet 121 to file
Writing packet 122 to file
Writing packet 123 to file
Writing packet 124 to file
Writing packet 125 to file
Writing packet 126 to file
Writing packet 127 to file
Writing packet 128 to file
Writing packet 129 to file
Writing packet 130 to file
Writing packet 131 to file
Writing packet 132 to file
Writing packet 133 to file
Writing packet 134 to file
Writing packet 135 to file
Writing packet 136 to file
Writing packet 137 to file
Writing packet 138 to file
Writing packet 139 to file
Writing packet 140 to file
Writing packet 141 to file
Writing packet 142 to file
Writing packet 14SEND MSG# 145 SEQ# 144 LEN    9 FLAGS  5   -RR #:   1381105664
RECV          SEQ# 144 LEN 1007 FLAGS 16   -Data #:  144
SEND MSG# 146 SEQ# 145 LEN    9 FLAGS  5   -RR #:   1381105664
RECV          SEQ# 145 LEN 1007 FLAGS 16   -Data #:  145
SEND MSG# 147 SEQ# 146 LEN    9 FLAGS  5   -RR #:   1381105664
RECV          SEQ# 146 LEN 1007 FLAGS 16   -Data #:  146
SEND MSG# 148 SEQ# 147 LEN    9 FLAGS  5   -RR #:   1381105664
RECV          SEQ# 147 LEN 1007 FLAGS 16   -Data #:  147
SEND MSG# 149 SEQ# 148 LEN    9 FLAGS  5   -RR #:   1381105664
RECV          SEQ# 148 LEN 1007 FLAGS 16   -Data #:  148
SEND MSG# 150 SEQ# 149 LEN    9 FLAGS  5   -RR #:   1381105664 - DROPPED 
RECV          SEQ# 149 LEN 1007 FLAGS 16   -Data #:  149
SEND MSG# 151 SEQ# 150 LEN    9 FLAGS  5   -RR #:   1381105664
RECV          SEQ# 150 LEN 1007 FLAGS 16   -Data #:  150
SEND MSG# 152 SEQ# 151 LEN    9 FLAGS  5   -RR #:   1381105664
RECV          SEQ# 151 LEN 1007 FLAGS 16   -Data #:  151
SEND MSG# 153 SEQ# 152 LEN    9 FLAGS  5   -RR #:   1381105664
RECV          SEQ# 152 LEN 1007 FLAGS 16   -Data #:  152
SEND MSG# 154 SEQ# 153 LEN    9 FLAGS  5   -RR #:   1381105664
RECV          SEQ# 153 LEN 1007 FLAGS 16   -Data #:  153
SEND MSG# 155 SEQ# 154 LEN    9 FLAGS  5   -RR #:   1381105664
RECV          SEQ# 154 LEN 1007 FLAGS 16   -Data #:  154
SEND MSG# 156 SEQ# 155 LEN    9 FLAGS  5   -RR #:   1381105664
RECV          SEQ# 155 LEN 1007 FLAGS 16   -Data #:  155
SEND MSG# 157 SEQ# 156 LEN    9 FLAGS  5   -RR #:   1381105664
RECV          SEQ# 156 LEN 1007 FLAGS 16   -Data #:  156
SEND MSG# 158 SEQ# 157 LEN    9 FLAGS  5   -RR #:   1381105664
RECV          SEQ# 157 LEN 1007 FLAGS 16   -Data #:  157
SEND MSG# 159 SEQ# 158 LEN    9 FLAGS  5   -RR #:   1381105664
RECV          SEQ# 158 LEN 1007 FLAGS 16   -Data #:  158
SEND MSG# 160 SEQ# 159 LEN    9 FLAGS  5   -RR #:   1381105664
RECV          SEQ# 159 LEN 1007 FLAGS 16   -Data #:  159
SEND MSG# 161 SEQ# 160 LEN    9 FLAGS  5   -RR #:   1381105664
RECV          SEQ# 160 LEN 1007 FLAGS 16   -Data #:  160
SEND MSG# 162 SEQ# 161 LEN    9 FLAGS  5   -RR #:   1381105664 - DROPPED 
RECV          SEQ# 161 LEN 1007 FLAGS 16   -Data #:  161
SEND MSG# 163 SEQ# 162 LEN    9 FLAGS  5   -RR #:   1381105664
RECV          SEQ# 162 LEN 1007 FLAGS 16   -Data #:  162
SEND MSG# 164 SEQ# 163 LEN    9 FLAGS  5   -RR #:   1381105664
RECV          SEQ# 163 LEN 1007 FLAGS 16   -Data #:  163
SEND MSG# 165 SEQ# 164 LEN    9 FLAGS  5   -RR #:   1381105664
RECV          SEQ# 164 LEN 1007 FLAGS 16   -Data #:  164
SEND MSG# 166 SEQ# 165 LEN    9 FLAGS  5   -RR #:   1381105664
RECV          SEQ# 165 LEN 1007 FLAGS 16   -Data #:  165
SEND MSG# 167 SEQ# 166 LEN    9 FLAGS  5   -RR #:   1381105664
RECV          SEQ# 166 LEN 1007 FLAGS 16   -Data #:  166
SEND MSG# 168 SEQ# 167 LEN    9 FLAGS  5   -RR #:   1381105664
RECV          SEQ# 167 LEN 1007 FLAGS 16   -Data #:  167
SEND MSG# 169 SEQ# 168 LEN    9 FLAGS  5   -RR #:   1381105664
RECV          SEQ# 168 LEN 1007 FLAGS 16   -Data #:  168
SEND MSG# 170 SEQ# 169 LEN    9 FLAGS  5   -RR #:   1381105664
RECV          SEQ# 169 LEN 1007 FLAGS 16   -Data #:  169
SEND MSG# 171 SEQ# 170 LEN    9 FLAGS  5   -RR #:   1381105664
RECV          SEQ# 170 LEN 1007 FLAGS 16   -Data #:  170
SEND MSG# 172 SEQ# 171 LEN    9 FLAGS  5   -RR #:   1381105664
RECV          SEQ# 171 LEN 1007 FLAGS 16   -Data #:  171
SEND MSG# 173 SEQ# 172 LEN    9 FLAGS  5   -RR #:   1381105664
RECV          SEQ# 172 LEN 1007 FLAGS 16   -Data #:  172
SEND MSG# 174 SEQ# 173 LEN    9 FLAGS  5   -RR #:   1381105664
RECV          SEQ# 173 LEN 1007 FLAGS 16   -Data #:  173
SEND MSG# 175 SEQ# 174 LEN    9 FLAGS  5   -RR #:   1381105664
RECV          SEQ# 174 LEN 1007 FLAGS 16   -Data #:  174
SEND MSG# 176 SEQ# 175 LEN    9 FLAGS  5   -RR #:   1381105664 - DROPPED 
RECV          SEQ# 175 LEN 1007 FLAGS 16   -Data #:  175
SEND MSG# 177 SEQ# 176 LEN    9 FLAGS  5   -RR #:   1381105664
RECV          SEQ# 176 LEN 1007 FLAGS 16   -Data #:  176
SEND MSG# 178 SEQ# 177 LEN    9 FLAGS  5   -RR #:   1381105664
RECV          SEQ# 177 LEN 1007 FLAGS 16   -Data #:  177
SEND MSG# 179 SEQ# 178 LEN    9 FLAGS  5   -RR #:   1381105664
RECV          SEQ# 178 LEN 1007 FLAGS 16   -Data #:  178
SEND MSG# 180 SEQ# 179 LEN    9 FLAGS  5   -RR #:   1381105664
RECV          SEQ# 179 LEN 1007 FLAGS 16   -Data #:  179
SEND MSG# 181 SEQ# 180 LEN    9 FLAGS  5   -RR #:   1381105664
RECV          SEQ# 180 LEN 1007 FLAGS 16   -Data #:  180
SEND MSG# 182 SEQ# 181 LEN    9 FLAGS  5   -RR #:   1381105664
RECV          SEQ# 181 LEN 1007 FLAGS 16   -Data #:  181
SEND MSG# 183 SEQ# 182 LEN    9 FLAGS  5   -RR #:   1381105664
RECV          SEQ# 182 LEN 1007 FLAGS 16   -Data #:  182
SEND MSG# 184 SEQ# 183 LEN    9 FLAGS  5   -RR #:   1381105664
RECV          SEQ# 183 LEN 1007 FLAGS 16   -Data #:  183
SEND MSG# 185 SEQ# 184 LEN    9 FLAGS  5   -RR #:   1381105664
RECV          SEQ# 184 LEN 1007 FLAGS 16   -Data #:  184
SEND MSG# 186 SEQ# 185 LEN    9 FLAGS  5   -RR #:   1381105664
RECV          SEQ# 185 LEN 1007 FLAGS 16   -Data #:  185
SEND MSG# 187 SEQ# 186 LEN    9 FLAGS  5   -RR #:   1381105664
RECV          SEQ# 186 LEN 1007 FLAGS 16   -Data #:  186
SEND MSG# 188 SEQ# 187 LEN    9 FLAGS  5   -RR #:   1381105664
RECV          SEQ# 187 LEN 1007 FLAGS 16   -Data #:  187
SEND MSG# 189 SEQ# 188 LEN    9 FLAGS  5   -RR #:   1381105664
RECV          SEQ# 188 LEN 1007 FLAGS 16   -Data #:  188
SEND MSG# 190 SEQ# 189 LEN    9 FLAGS  5   -RR #:   1381105664
RECV          SEQ# 189 LEN 1007 FLAGS 16   -Data #:  189
SEND MSG# 191 SEQ# 190 LEN    9 FLAGS  5   -RR #:   1381105664
RECV          SEQ# 190 LEN 1007 FLAGS 16   -Data #:  190
SEND MSG# 192 SEQ# 191 LEN    9 FLAGS  5   -RR #:   1381105664
RECV          SEQ# 191 LEN 1007 FLAGS 16   -Data #:  191
SEND MSG# 193 SEQ# 192 LEN    9 FLAGS  5   -RR #:   1381105664
RECV          SEQ# 192 LEN 1007 FLAGS 16   -Data #:  192
SEND MSG# 194 SEQ# 193 LEN    9 FLAGS  5   -RR #:   1381105664
RECV          SEQ# 193 LEN 1007 FLAGS 16   -Data #:  193
SEND MSG# 195 SEQ# 194 LEN    9 FLAGS  5   -RR #:   1381105664
RECV          SEQ# 194 LEN 1007 FLAGS 16   -Data #:  194
SEND MSG# 196 SEQ# 195 LEN    9 FLAGS  5   -RR #:   1381105664
RECV          SEQ# 195 LEN 1007 FLAGS 16   -Data #:  195
SEND MSG# 197 SEQ# 196 LEN    9 FLAGS  5   -RR #:   1381105664
RECV          SEQ# 196 LEN 1007 FLAGS 16   -Data #:  196
SEND MSG# 198 SEQ# 197 LEN    9 FLAGS  5   -RR #:   1381105664
RECV          SEQ# 197 LEN 1007 FLAGS 16   -Data #:  197
SEND MSG# 199 SEQ# 198 LEN    9 FLAGS  5   -RR #:   1381105664
RECV          SEQ# 198 LEN 1007 FLAGS 16   -Data #:  198
SEND MSG# 200 SEQ# 199 LEN    9 FLAGS  5   -RR #:   1381105664
RECV          SEQ# 199 LEN 1007 FLAGS 16   -Data #:  199
SEND MSG# 201 SEQ# 200 LEN    9 FLAGS  5   -RR #:   1381105664
RECV          SEQ# 200 LEN 1007 FLAGS 16   -Data #:  200
SEND MSG# 202 SEQ# 201 LEN    9 FLAGS  5   -RR #:   1381105664
RECV          SEQ# 201 LEN 1007 FLAGS 16   -Data #:  201
SEND MSG# 203 SEQ# 202 LEN    9 FLAGS  5   -RR #:   1381105664
RECV          SEQ# 202 LEN 1007 FLAGS 16   -Data #:  202
SEND MSG# 204 SEQ# 203 LEN    9 FLAGS  5   -RR #:   1381105664 - DROPPED 
RECV          SEQ# 203 LEN 1007 FLAGS 16   -Data #:  203
SEND MSG# 205 SEQ# 204 LEN    9 FLAGS  5   -RR #:   1381105664 - DROPPED 
RECV          SEQ# 204 LEN 1007 FLAGS 16   -Data #:  204
SEND MSG# 206 SEQ# 205 LEN    9 FLAGS  5   -RR #:   1381105664 - DROPPED 
RECV          SEQ# 205 LEN 1007 FLAGS 16   -Data #:  205
SEND MSG# 207 SEQ# 206 LEN    9 FLAGS  5   -RR #:   1381105664
RECV          SEQ# 206 LEN 1007 FLAGS 16   -Data #:  206
SEND MSG# 208 SEQ# 207 LEN    9 FLAGS  5   -RR #:   1381105664
RECV          SEQ# 207 LEN 1007 FLAGS 16   -Data #:  207
SEND MSG# 209 SEQ# 208 LEN    9 FLAGS  5   -RR #:   1381105664
RECV          SEQ# 208 LEN 1007 FLAGS 16   -Data #:  208
SEND MSG# 210 SEQ# 209 LEN    9 FLAGS  5   -RR #:   1381105664
RECV          SEQ# 209 LEN 1007 FLAGS 16   -Data #:  209
SEND MSG# 211 SEQ# 210 LEN    9 FLAGS  5   -RR #:   1381105664
RECV          SEQ# 210 LEN 1007 FLAGS 16   -Data #:  210
SEND MSG# 212 SEQ# 211 LEN    9 FLAGS  5   -RR #:   1381105664
RECV          SEQ# 211 LEN 1007 FLAGS 16   -Data #:  211
SEND MSG# 213 SEQ# 212 LEN    9 FLAGS  5   -RR #:   1381105664
RECV          SEQ# 212 LEN 1007 FLAGS 16   -Data #:  212
SEND MSG# 214 SEQ# 213 LEN    9 FLAGS  5   -RR #:   1381105664
RECV          SEQ# 213 LEN 1007 FLAGS 16   -Data #:  213
SEND MSG# 215 SEQ# 214 LEN    9 FLAGS  5   -RR #:   1381105664
RECV          SEQ# 214 LEN 1007 FLAGS 16   -Data #:  214
SEND MSG# 216 SEQ# 215 LEN    9 FLAGS  5   -RR #:   1381105664 - DROPPED 
RECV          SEQ# 215 LEN 1007 FLAGS 16   -Data #:  215
SEND MSG# 217 SEQ# 216 LEN    9 FLAGS  5   -RR #:   1381105664
RECV          SEQ# 216 LEN 1007 FLAGS 16   -Data #:  216
SEND MSG# 218 SEQ# 217 LEN    9 FLAGS  5   -RR #:   1381105664
RECV          SEQ# 217 LEN 1007 FLAGS 16   -Data #:  217
SEND MSG# 219 SEQ# 218 LEN    9 FLAGS  5   -RR #:   1381105664
RECV          SEQ# 218 LEN 1007 FLAGS 16   -Data #:  218
SEND MSG# 220 SEQ# 219 LEN    9 FLAGS  5   -RR #:   1381105664
RECV          SEQ# 219 LEN 1007 FLAGS 16   -Data #:  219
SEND MSG# 221 SEQ# 220 LEN    9 FLAGS  5   -RR #:   1381105664 - DROPPED 
RECV          SEQ# 220 LEN 1007 FLAGS 16   -Data #:  220
SEND MSG# 222 SEQ# 221 LEN    9 FLAGS  5   -RR #:   1381105664
RECV          SEQ# 221 LEN 1007 FLAGS 16   -Data #:  221
SEND MSG# 223 SEQ# 222 LEN    9 FLAGS  5   -RR #:   1381105664
RECV          SEQ# 222 LEN 1007 FLAGS 16   -Data #:  222
SEND MSG# 224 SEQ# 223 LEN    9 FLAGS  5   -RR #:   1381105664
RECV          SEQ# 223 LEN 1007 FLAGS 16   -Data #:  223
SEND MSG# 225 SEQ# 224 LEN    9 FLAGS  5   -RR #:   1381105664
RECV          SEQ# 224 LEN 1007 FLAGS 16   -Data #:  224
SEND MSG# 226 SEQ# 225 LEN    9 FLAGS  5   -RR #:   1381105664
RECV          SEQ# 225 LEN 1007 FLAGS 16   -Data #:  225
SEND MSG# 227 SEQ# 226 LEN    9 FLAGS  5   -RR #:   1381105664
RECV          SEQ# 226 LEN 1007 FLAGS 16   -Data #:  226
SEND MSG# 228 SEQ# 227 LEN    9 FLAGS  5   -RR #:   1381105664
RECV          SEQ# 227 LEN 1007 FLAGS 16   -Data #:  227
SEND MSG# 229 SEQ# 228 LEN    9 FLAGS  5   -RR #:   1381105664
RECV          SEQ# 228 LEN 1007 FLAGS 16   -Data #:  228
SEND MSG# 230 SEQ# 229 LEN    9 FLAGS  5   -RR #:   1381105664
RECV          SEQ# 229 LEN 1007 FLAGS 16   -Data #:  229
SEND MSG# 231 SEQ# 230 LEN    9 FLAGS  5   -RR #:   1381105664
RECV          SEQ# 230 LEN 1007 FLAGS 16   -Data #:  230
SEND MSG# 232 SEQ# 231 LEN    9 FLAGS  5   -RR #:   1381105664 - DROPPED 
RECV          SEQ# 231 LEN 1007 FLAGS 16   -Data #:  231
SEND MSG# 233 SEQ# 232 LEN    9 FLAGS  5   -RR #:   1381105664
RECV          SEQ# 232 LEN 1007 FLAGS 16   -Data #:  232
SEND MSG# 234 SEQ# 233 LEN    9 FLAGS  5   -RR #:   1381105664
RECV          SEQ# 233 LEN 1007 FLAGS 16   -Data #:  233
SEND MSG# 235 SEQ# 234 LEN    9 FLAGS  5   -RR #:   1381105664
RECV          SEQ# 234 LEN 1007 FLAGS 16   -Data #:  234
SEND MSG# 236 SEQ# 235 LEN    9 FLAGS  5   -RR #:   1381105664
RECV          SEQ# 235 LEN 1007 FLAGS 16   -Data #:  235
SEND MSG# 237 SEQ# 236 LEN    9 FLAGS  5   -RR #:   1381105664
RECV          SEQ# 236 LEN 1007 FLAGS 16   -Data #:  236
SEND MSG# 238 SEQ# 237 LEN    9 FLAGS  5   -RR #:   1381105664
RECV          SEQ# 237 LEN 1007 FLAGS 16   -Data #:  237
SEND MSG# 239 SEQ# 238 LEN    9 FLAGS  5   -RR #:   1381105664
RECV          SEQ# 238 LEN 1007 FLAGS 16   -Data #:  238
SEND MSG# 240 SEQ# 239 LEN    9 FLAGS  5   -RR #:   1381105664
RECV          SEQ# 239 LEN 1007 FLAGS 16   -Data #:  239
SEND MSG# 241 SEQ# 240 LEN    9 FLAGS  5   -RR #:   1381105664
RECV          SEQ# 240 LEN 1007 FLAGS 16   -Data #:  240
SEND MSG# 242 SEQ# 241 LEN    9 FLAGS  5   -RR #:   1381105664
RECV          SEQ# 241 LEN 1007 FLAGS 16   -Data #:  241
SEND MSG# 243 SEQ# 242 LEN    9 FLAGS  5   -RR #:   1381105664
RECV          SEQ# 242 LEN 1007 FLAGS 16   -Data #:  242
SEND MSG# 244 SEQ# 243 LEN    9 FLAGS  5   -RR #:   1381105664
RECV          SEQ# 243 LEN 1007 FLAGS 16   -Data #:  243
SEND MSG# 245 SEQ# 244 LEN    9 FLAGS  5   -RR #:   1381105664
RECV          SEQ# 244 LEN 1007 FLAGS 16   -Data #:  244
SEND MSG# 246 SEQ# 245 LEN    9 FLAGS  5   -RR #:   1381105664 - DROPPED 
RECV          SEQ# 245 LEN 1007 FLAGS 16   -Data #:  245
SEND MSG# 247 SEQ# 246 LEN    9 FLAGS  5   -RR #:   1381105664
RECV          SEQ# 246 LEN 1007 FLAGS 16   -Data #:  246
SEND MSG# 248 SEQ# 247 LEN    9 FLAGS  5   -RR #:   1381105664
RECV          SEQ# 247 LEN 1007 FLAGS 16   -Data #:  247
SEND MSG# 249 SEQ# 248 LEN    9 FLAGS  5   -RR #:   1381105664
RECV          SEQ# 248 LEN 1007 FLAGS 16   -Data #:  248
SEND MSG# 250 SEQ# 249 LEN    9 FLAGS  5   -RR #:   1381105664
RECV          SEQ# 249 LEN 1007 FLAGS 16   -Data #:  249
SEND MSG# 251 SEQ# 250 LEN    9 FLAGS  5   -RR #:   1381105664
RECV          SEQ# 250 LEN 1007 FLAGS 16   -Data #:  250
SEND MSG# 252 SEQ# 251 LEN    9 FLAGS  5   -RR #:   1381105664
RECV          SEQ# 251 LEN 1007 FLAGS 16   -Data #:  251
SEND MSG# 253 SEQ# 252 LEN    9 FLAGS  5   -RR #:   1381105664
RECV          SEQ# 252 LEN 1007 FLAGS 16   -Data #:  252
SEND MSG# 254 SEQ# 253 LEN    9 FLAGS  5   -RR #:   1381105664
RECV          SEQ# 253 LEN 1007 FLAGS 16   -Data #:  253
SEND MSG# 255 SEQ# 254 LEN    9 FLAGS  5   -RR #:   1381105664
RECV          SEQ# 254 LEN 1007 FLAGS 16   -Data #:  254
SEND MSG# 256 SEQ# 255 LEN    9 FLAGS  5   -RR #:   1381105664
RECV          SEQ# 255 LEN 1007 FLAGS 16   -Data #:  255
SEND MSG# 257 SEQ# 256 LEN    9 FLAGS  5   -RR #:   1381105664
RECV          SEQ# 256 LEN 1007 FLAGS 16   -Data #:  256
SEND MSG# 258 SEQ# 257 LEN    9 FLAGS  5   -RR #:   1381105920
RECV          SEQ# 257 LEN 1007 FLAGS 16   -Data #:  257
SEND MSG# 259 SEQ# 258 LEN    9 FLAGS  5   -RR #:   1381105920
RECV          SEQ# 258 LEN 1007 FLAGS 16   -Data #:  258
SEND MSG# 260 SEQ# 259 LEN    9 FLAGS  5   -RR #:   1381105920
RECV          SEQ# 259 LEN 1007 FLAGS 16   -Data #:  259
SEND MSG# 261 SEQ# 260 LEN    9 FLAGS  5   -RR #:   1381105920
RECV          SEQ# 260 LEN 1007 FLAGS 16   -Data #:  260
SEND MSG# 262 SEQ# 261 LEN    9 FLAGS  5   -RR #:   1381105920
RECV          SEQ# 261 LEN 1007 FLAGS 16   -Data #:  261
SEND MSG# 263 SEQ# 262 LEN    9 FLAGS  5   -RR #:   1381105920
RECV          SEQ# 262 LEN 1007 FLAGS 16   -Data #:  262
SEND MSG# 264 SEQ# 263 LEN    9 FLAGS  5   -RR #:   1381105920
RECV          SEQ# 263 LEN 1007 FLAGS 16   -Data #:  263
SEND MSG# 265 SEQ# 264 LEN    9 FLAGS  5   -RR #:   1381105920
RECV          SEQ# 264 LEN 1007 FLAGS 16   -Data #:  264
SEND MSG# 266 SEQ# 265 LEN    9 FLAGS  5   -RR #:   1381105920
RECV          SEQ# 265 LEN 1007 FLAGS 16   -Data #:  265
SEND MSG# 267 SEQ# 266 LEN    9 FLAGS  5   -RR #:   1381105920
RECV          SEQ# 266 LEN 1007 FLAGS 16   -Data #:  266
SEND MSG# 268 SEQ# 267 LEN    9 FLAGS  5   -RR #:   1381105920
RECV          SEQ# 267 LEN 1007 FLAGS 16   -Data #:  267
SEND MSG# 269 SEQ# 268 LEN    9 FLAGS  5   -RR #:   1381105920
RECV          SEQ# 268 LEN 1007 FLAGS 16   -Data #:  268
SEND MSG# 270 SEQ# 269 LEN    9 FLAGS  5   -RR #:   1381105920
RECV          SEQ# 269 LEN 1007 FLAGS 16   -Data #:  269
SEND MSG# 271 SEQ# 270 LEN    9 FLAGS  5   -RR #:   1381105920
RECV          SEQ# 270 LEN 1007 FLAGS 16   -Data #:  270
SEND MSG# 272 SEQ# 271 LEN    9 FLAGS  5   -RR #:   1381105920
RECV          SEQ# 271 LEN 1007 FLAGS 16   -Data #:  271
SEND MSG# 273 SEQ# 272 LEN    9 FLAGS  5   -RR #:   1381105920 - DROPPED 
RECV          SEQ# 272 LEN 1007 FLAGS 16   -Data #:  272
SEND MSG# 274 SEQ# 273 LEN    9 FLAGS  5   -RR #:   1381105920
RECV          SEQ# 273 LEN 1007 FLAGS 16   -Data #:  273
SEND MSG# 275 SEQ# 274 LEN    9 FLAGS  5   -RR #:   1381105920
RECV          SEQ# 274 LEN 1007 FLAGS 16   -Data #:  274
SEND MSG# 276 SEQ# 275 LEN    9 FLAGS  5   -RR #:   1381105920
RECV          SEQ# 275 LEN 1007 FLAGS 16   -Data #:  275
SEND MSG# 277 SEQ# 276 LEN    9 FLAGS  5   -RR #:   1381105920
RECV          SEQ# 276 LEN 1007 FLAGS 16   -Data #:  276
SEND MSG# 278 SEQ# 277 LEN    9 FLAGS  5   -RR #:   1381105920
RECV          SEQ# 277 LEN 1007 FLAGS 16   -Data #:  277
SEND MSG# 279 SEQ# 278 LEN    9 FLAGS  5   -RR #:   1381105920 - DROPPED 
RECV          SEQ# 278 LEN 1007 FLAGS 16   -Data #:  278
SEND MSG# 280 SEQ# 279 LEN    9 FLAGS  5   -RR #:   1381105920 - DROPPED 
RECV          SEQ# 279 LEN 1007 FLAGS 16   -Data #:  279
SEND MSG# 281 SEQ# 280 LEN    9 FLAGS  5   -RR #:   1381105920
RECV          SEQ# 280 LEN 1007 FLAGS 16   -Data #:  280
SEND MSG# 282 SEQ# 281 LEN    9 FLAGS  5   -RR #:   1381105920
RECV          SEQ# 281 LEN 1007 FLAGS 16   -Data #:  281
SEND MSG# 283 SEQ# 282 LEN    9 FLAGS  5   -RR #:   1381105920
RECV          SEQ# 282 LEN 1007 FLAGS 16   -Data #:  282
SEND MSG# 284 SEQ# 283 LEN    9 FLAGS  5   -RR #:   1381105920
RECV          SEQ# 283 LEN 1007 FLAGS 16   -Data #:  283
SEND MSG# 285 SEQ# 284 LEN    9 FLAGS  5   -RR #:   1381105920
RECV          SEQ# 284 LEN 1007 FLAGS 16   -Data #:  284
SEND MSG# 286 SEQ# 285 LEN    9 FLAGS  5   -RR #:   1381105920
RECV          SEQ# 285 LEN 1007 FLAGS 16   -Data #:  285
SEND MSG# 287 SEQ# 286 LEN    9 FLAGS  5   -RR #:   1381105920
RECV          SEQ# 286 LEN 1007 FLAGS 16   -Data #:  286
SEND MSG# 288 SEQ# 287 LEN    9 FLAGS  5   -RR #:   1381105920
RECV          SEQ# 287 LEN 1007 FLAGS 16   -Data #:  287
SEND MSG# 289 SEQ# 288 LEN    9 FLAGS  5   -RR #:   1381105920
RECV          SEQ# 288 LEN 1007 FLAGS 16   -Data #:  288
SEND MSG# 290 SEQ# 289 LEN    9 FLAGS  5   -RR #:   1381105920
RECV          SEQ# 289 LEN 1007 FLAGS 16   -Data #:  289
SEND MSG# 291 SEQ# 290 LEN    9 FLAGS  5   -RR #:   1381105920
RECV          SEQ# 290 LEN 1007 FLAGS 16   -Data #:  290
SEND MSG# 292 SEQ# 291 LEN    9 FLAGS  5   -RR #:   1381105920
RECV          SEQ# 291 LEN 1007 FLAGS 16   -Data #:  291
SEND MSG# 293 SEQ# 292 LEN    9 FLAGS  5   -RR #:   1381105920
RECV          SEQ# 292 LEN 1007 FLAGS 16   -Data #:  292
SEND MSG# 294 SEQ# 293 LEN    9 FLAGS  5   -RR #:   1381105920
RECV          SEQ# 293 LEN 1007 FLAGS 16   -Data #:  293
SEND MSG# 295 SEQ# 294 LEN    9 FLAGS  5   -RR #:   1381105920
RECV          SEQ# 294 LEN 1007 FLAGS 16   -Data #:  294
SEND MSG# 296 SEQ# 295 LEN    9 FLAGS  5   -RR #:   1381105920
RECV          SEQ# 295 LEN 1007 FLAGS 16   -Data #:  295
3 to file
Writing packet 144 to file
Writing packet 145 to file
Writing packet 146 to file
Writing packet 147 to file
Writing packet 148 to file
Writing packet 149 to file
Writing packet 150 to file
Writing packet 151 to file
Writing packet 152 to file
Writing packet 153 to file
Writing packet 154 to file
Writing packet 155 to file
Writing packet 156 to file
Writing packet 157 to file
Writing packet 158 to file
Writing packet 159 to file
Writing packet 160 to file
Writing packet 161 to file
Writing packet 162 to file
Writing packet 163 to file
Writing packet 164 to file
Writing packet 165 to file
Writing packet 166 to file
Writing packet 167 to file
Writing packet 168 to file
Writing packet 169 to file
Writing packet 170 to file
Writing packet 171 to file
Writing packet 172 to file
Writing packet 173 to file
Writing packet 174 to file
Writing packet 175 to file
Writing packet 176 to file
Writing packet 177 to file
Writing packet 178 to file
Writing packet 179 to file
Writing packet 180 to file
Writing packet 181 to file
Writing packet 182 to file
Writing packet 183 to file
Writing packet 184 to file
Writing packet 185 to file
Writing packet 186 to file
Writing packet 187 to file
Writing packet 188 to file
Writing packet 189 to file
Writing packet 190 to file
Writing packet 191 to file
Writing packet 192 to file
Writing packet 193 to file
Writing packet 194 to file
Writing packet 195 to file
Writing packet 196 to file
Writing packet 197 to file
Writing packet 198 to file
Writing packet 199 to file
Writing packet 200 to file
Writing packet 201 to file
Writing packet 202 to file
Writing packet 203 to file
Writing packet 204 to file
Writing packet 205 to file
Writing packet 206 to file
Writing packet 207 to file
Writing packet 208 to file
Writing packet 209 to file
Writing packet 210 to file
Writing packet 211 to file
Writing packet 212 to file
Writing packet 213 to file
Writing packet 214 to file
Writing packet 215 to file
Writing packet 216 to file
Writing packet 217 to file
Writing packet 218 to file
Writing packet 219 to file
Writing packet 220 to file
Writing packet 221 to file
Writing packet 222 to file
Writing packet 223 to file
Writing packet 224 to file
Writing packet 225 to file
Writing packet 226 to file
Writing packet 227 to file
Writing packet 228 to file
Writing packet 229 to file
Writing packet 230 to file
Writing packet 231 to file
Writing packet 232 to file
Writing packet 233 to file
Writing packet 234 to file
Writing packet 235 to file
Writing packet 236 to file
Writing packet 237 to file
Writing packet 238 to file
Writing packet 239 to file
Writing packet 240 to file
Writing packet 241 to file
Writing packet 242 to file
Writing packet 243 to file
Writing packet 244 to file
Writing packet 245 to file
Writing packet 246 to file
Writing packet 247 to file
Writing packet 248 to file
Writing packet 249 to file
Writing packet 250 to file
Writing packet 251 to file
Writing packet 252 to file
Writing packet 253 to file
Writing packet 254 to file
Writing packet 255 to file
Writing packet 256 to file
Writing packet 257 to file
Writing packet 258 to file
Writing packet 259 to file
Writing packet 260 to file
Writing packet 261 to file
Writing packet 262 to file
Writing packet 263 to file
Writing packet 264 to file
Writing packet 265 to file
Writing packet 266 to file
Writing packet 267 to file
Writing packet 268 to file
Writing packet 269 to file
Writing packet 270 to file
Writing packet 271 to file
Writing packet 272 to file
Writing packet 273 to file
Writing packet 274 to file
Writing packet 275 to file
Writing packet 276 to file
Writing packet 277 to file
Writing packet 278 to file
Writing packet 279 to file
Writing packet 280 to file
Writing packet 281 to file
Writing packet 282 to file
Writing packet 283 to file
Writing packet 284 to file
Writing packet 285 to file
Writing packet 286 to file
Writing packet 287 to file
Writing packet 288 to file
Writing packet 289 to file
Writing packet 290 to file
Writing packet 291 to file
Writing packet 292 to file
Writing packet 293 to file
Writing packet 294 to file
Writing pSEND MSG# 297 SEQ# 296 LEN    9 FLAGS  5   -RR #:   1381105920
RECV          SEQ# 296 LEN 1007 FLAGS 16   -Data #:  296
SEND MSG# 298 SEQ# 297 LEN    9 FLAGS  5   -RR #:   1381105920
RECV          SEQ# 297 LEN 1007 FLAGS 16   -Data #:  297
SEND MSG# 299 SEQ# 298 LEN    9 FLAGS  5   -RR #:   1381105920
RECV          SEQ# 298 LEN 1007 FLAGS 16   -Data #:  298
SEND MSG# 300 SEQ# 299 LEN    9 FLAGS  5   -RR #:   1381105920
RECV          SEQ# 299 LEN 1007 FLAGS 16   -Data #:  299
SEND MSG# 301 SEQ# 300 LEN    9 FLAGS  5   -RR #:   1381105920
RECV          SEQ# 300 LEN 1007 FLAGS 16   -Data #:  300
SEND MSG# 302 SEQ# 301 LEN    9 FLAGS  5   -RR #:   1381105920
RECV          SEQ# 301 LEN 1007 FLAGS 16   -Data #:  301
SEND MSG# 303 SEQ# 302 LEN    9 FLAGS  5   -RR #:   1381105920
RECV          SEQ# 302 LEN 1007 FLAGS 16   -Data #:  302
SEND MSG# 304 SEQ# 303 LEN    9 FLAGS  5   -RR #:   1381105920
RECV          SEQ# 303 LEN 1007 FLAGS 16   -Data #:  303
SEND MSG# 305 SEQ# 304 LEN    9 FLAGS  5   -RR #:   1381105920
RECV          SEQ# 304 LEN 1007 FLAGS 16   -Data #:  304
SEND MSG# 306 SEQ# 305 LEN    9 FLAGS  5   -RR #:   1381105920
RECV          SEQ# 305 LEN 1007 FLAGS 16   -Data #:  305
SEND MSG# 307 SEQ# 306 LEN    9 FLAGS  5   -RR #:   1381105920
RECV          SEQ# 306 LEN 1007 FLAGS 16   -Data #:  306
SEND MSG# 308 SEQ# 307 LEN    9 FLAGS  5   -RR #:   1381105920
RECV          SEQ# 307 LEN 1007 FLAGS 16   -Data #:  307
SEND MSG# 309 SEQ# 308 LEN    9 FLAGS  5   -RR #:   1381105920
RECV          SEQ# 308 LEN 1007 FLAGS 16   -Data #:  308
SEND MSG# 310 SEQ# 309 LEN    9 FLAGS  5   -RR #:   1381105920
RECV          SEQ# 309 LEN 1007 FLAGS 16   -Data #:  309
SEND MSG# 311 SEQ# 310 LEN    9 FLAGS  5   -RR #:   1381105920
RECV          SEQ# 310 LEN 1007 FLAGS 16   -Data #:  310
SEND MSG# 312 SEQ# 311 LEN    9 FLAGS  5   -RR #:   1381105920
RECV          SEQ# 311 LEN 1007 FLAGS 16   -Data #:  311
SEND MSG# 313 SEQ# 312 LEN    9 FLAGS  5   -RR #:   1381105920
RECV          SEQ# 312 LEN 1007 FLAGS 16   -Data #:  312
SEND MSG# 314 SEQ# 313 LEN    9 FLAGS  5   -RR #:   1381105920
RECV          SEQ# 313 LEN 1007 FLAGS 16   -Data #:  313
SEND MSG# 315 SEQ# 314 LEN    9 FLAGS  5   -RR #:   1381105920
RECV          SEQ# 314 LEN 1007 FLAGS 16   -Data #:  314
SEND MSG# 316 SEQ# 315 LEN    9 FLAGS  5   -RR #:   1381105920
RECV          SEQ# 315 LEN 1007 FLAGS 16   -Data #:  315
SEND MSG# 317 SEQ# 316 LEN    9 FLAGS  5   -RR #:   1381105920
RECV          SEQ# 316 LEN 1007 FLAGS 16   -Data #:  316
SEND MSG# 318 SEQ# 317 LEN    9 FLAGS  5   -RR #:   1381105920
RECV          SEQ# 317 LEN 1007 FLAGS 16   -Data #:  317
SEND MSG# 319 SEQ# 318 LEN    9 FLAGS  5   -RR #:   1381105920
RECV          SEQ# 318 LEN 1007 FLAGS 16   -Data #:  318
SEND MSG# 320 SEQ# 319 LEN    9 FLAGS  5   -RR #:   1381105920
RECV          SEQ# 319 LEN 1007 FLAGS 16   -Data #:  319
SEND MSG# 321 SEQ# 320 LEN    9 FLAGS  5   -RR #:   1381105920
RECV          SEQ# 320 LEN 1007 FLAGS 16   -Data #:  320
SEND MSG# 322 SEQ# 321 LEN    9 FLAGS  5   -RR #:   1381105920
RECV          SEQ# 321 LEN 1007 FLAGS 16   -Data #:  321
SEND MSG# 323 SEQ# 322 LEN    9 FLAGS  5   -RR #:   1381105920 - DROPPED 
RECV          SEQ# 322 LEN 1007 FLAGS 16   -Data #:  322
SEND MSG# 324 SEQ# 323 LEN    9 FLAGS  5   -RR #:   1381105920
RECV          SEQ# 323 LEN 1007 FLAGS 16   -Data #:  323
SEND MSG# 325 SEQ# 324 LEN    9 FLAGS  5   -RR #:   1381105920
RECV          SEQ# 324 LEN 1007 FLAGS 16   -Data #:  324
SEND MSG# 326 SEQ# 325 LEN    9 FLAGS  5   -RR #:   1381105920 - DROPPED 
RECV          SEQ# 325 LEN 1007 FLAGS 16   -Data #:  325
SEND MSG# 327 SEQ# 326 LEN    9 FLAGS  5   -RR #:   1381105920
RECV          SEQ# 326 LEN 1007 FLAGS 16   -Data #:  326
SEND MSG# 328 SEQ# 327 LEN    9 FLAGS  5   -RR #:   1381105920
RECV          SEQ# 327 LEN 1007 FLAGS 16   -Data #:  327
SEND MSG# 329 SEQ# 328 LEN    9 FLAGS  5   -RR #:   1381105920
RECV          SEQ# 328 LEN 1007 FLAGS 16   -Data #:  328
SEND MSG# 330 SEQ# 329 LEN    9 FLAGS  5   -RR #:   1381105920 - DROPPED 
RECV          SEQ# 329 LEN 1007 FLAGS 16   -Data #:  329
SEND MSG# 331 SEQ# 330 LEN    9 FLAGS  5   -RR #:   1381105920
RECV          SEQ# 330 LEN 1007 FLAGS 16   -Data #:  330
SEND MSG# 332 SEQ# 331 LEN    9 FLAGS  5   -RR #:   1381105920
RECV          SEQ# 331 LEN 1007 FLAGS 16   -Data #:  331
SEND MSG# 333 SEQ# 332 LEN    9 FLAGS  5   -RR #:   1381105920
RECV          SEQ# 332 LEN 1007 FLAGS 16   -Data #:  332
SEND MSG# 334 SEQ# 333 LEN    9 FLAGS  5   -RR #:   1381105920
RECV          SEQ# 333 LEN 1007 FLAGS 16   -Data #:  333
SEND MSG# 335 SEQ# 334 LEN    9 FLAGS  5   -RR #:   1381105920
RECV          SEQ# 334 LEN 1007 FLAGS 16   -Data #:  334
SEND MSG# 336 SEQ# 335 LEN    9 FLAGS  5   -RR #:   1381105920
RECV          SEQ# 335 LEN 1007 FLAGS 16   -Data #:  335
SEND MSG# 337 SEQ# 336 LEN    9 FLAGS  5   -RR #:   1381105920
RECV          SEQ# 336 LEN 1007 FLAGS 16   -Data #:  336
SEND MSG# 338 SEQ# 337 LEN    9 FLAGS  5   -RR #:   1381105920
RECV          SEQ# 337 LEN 1007 FLAGS 16   -Data #:  337
SEND MSG# 339 SEQ# 338 LEN    9 FLAGS  5   -RR #:   1381105920
RECV          SEQ# 338 LEN 1007 FLAGS 16   -Data #:  338
SEND MSG# 340 SEQ# 339 LEN    9 FLAGS  5   -RR #:   1381105920
RECV          SEQ# 339 LEN 1007 FLAGS 16   -Data #:  339
SEND MSG# 341 SEQ# 340 LEN    9 FLAGS  5   -RR #:   1381105920
RECV          SEQ# 340 LEN 1007 FLAGS 16   -Data #:  340
SEND MSG# 342 SEQ# 341 LEN    9 FLAGS  5   -RR #:   1381105920
RECV          SEQ# 341 LEN 1007 FLAGS 16   -Data #:  341
SEND MSG# 343 SEQ# 342 LEN    9 FLAGS  5   -RR #:   1381105920
RECV          SEQ# 342 LEN 1007 FLAGS 16   -Data #:  342
SEND MSG# 344 SEQ# 343 LEN    9 FLAGS  5   -RR #:   1381105920
RECV          SEQ# 343 LEN 1007 FLAGS 16   -Data #:  343
SEND MSG# 345 SEQ# 344 LEN    9 FLAGS  5   -RR #:   1381105920
RECV          SEQ# 344 LEN 1007 FLAGS 16   -Data #:  344
SEND MSG# 346 SEQ# 345 LEN    9 FLAGS  5   -RR #:   1381105920
RECV          SEQ# 345 LEN 1007 FLAGS 16   -Data #:  345
SEND MSG# 347 SEQ# 346 LEN    9 FLAGS  5   -RR #:   1381105920
RECV          SEQ# 346 LEN 1007 FLAGS 16   -Data #:  346
SEND MSG# 348 SEQ# 347 LEN    9 FLAGS  5   -RR #:   1381105920 - DROPPED 
RECV          SEQ# 347 LEN 1007 FLAGS 16   -Data #:  347
SEND MSG# 349 SEQ# 348 LEN    9 FLAGS  5   -RR #:   1381105920
RECV          SEQ# 348 LEN 1007 FLAGS 16   -Data #:  348
SEND MSG# 350 SEQ# 349 LEN    9 FLAGS  5   -RR #:   1381105920
RECV          SEQ# 349 LEN 1007 FLAGS 16   -Data #:  349
SEND MSG# 351 SEQ# 350 LEN    9 FLAGS  5   -RR #:   1381105920
RECV          SEQ# 350 LEN 1007 FLAGS 16   -Data #:  350
SEND MSG# 352 SEQ# 351 LEN    9 FLAGS  5   -RR #:   1381105920
RECV          SEQ# 351 LEN 1007 FLAGS 16   -Data #:  351
SEND MSG# 353 SEQ# 352 LEN    9 FLAGS  5   -RR #:   1381105920
RECV          SEQ# 352 LEN 1007 FLAGS 16   -Data #:  352
SEND MSG# 354 SEQ# 353 LEN    9 FLAGS  5   -RR #:   1381105920
RECV          SEQ# 353 LEN 1007 FLAGS 16   -Data #:  353
SEND MSG# 355 SEQ# 354 LEN    9 FLAGS  5   -RR #:   1381105920
RECV          SEQ# 354 LEN 1007 FLAGS 16   -Data #:  354
SEND MSG# 356 SEQ# 355 LEN    9 FLAGS  5   -RR #:   1381105920
RECV          SEQ# 355 LEN 1007 FLAGS 16   -Data #:  355
SEND MSG# 357 SEQ# 356 LEN    9 FLAGS  5   -RR #:   1381105920
RECV          SEQ# 356 LEN 1007 FLAGS 16   -Data #:  356
SEND MSG# 358 SEQ# 357 LEN    9 FLAGS  5   -RR #:   1381105920
RECV          SEQ# 357 LEN 1007 FLAGS 16   -Data #:  357
SEND MSG# 359 SEQ# 358 LEN    9 FLAGS  5   -RR #:   1381105920
RECV          SEQ# 358 LEN 1007 FLAGS 16   -Data #:  358
SEND MSG# 360 SEQ# 359 LEN    9 FLAGS  5   -RR #:   1381105920
RECV          SEQ# 359 LEN 1007 FLAGS 16   -Data #:  359
SEND MSG# 361 SEQ# 360 LEN    9 FLAGS  5   -RR #:   1381105920
RECV          SEQ# 360 LEN 1007 FLAGS 16   -Data #:  360
SEND MSG# 362 SEQ# 361 LEN    9 FLAGS  5   -RR #:   1381105920
RECV          SEQ# 361 LEN 1007 FLAGS 16   -Data #:  361
SEND MSG# 363 SEQ# 362 LEN    9 FLAGS  5   -RR #:   1381105920
RECV          SEQ# 362 LEN 1007 FLAGS 16   -Data #:  362
SEND MSG# 364 SEQ# 363 LEN    9 FLAGS  5   -RR #:   1381105920
RECV          SEQ# 363 LEN 1007 FLAGS 16   -Data #:  363
SEND MSG# 365 SEQ# 364 LEN    9 FLAGS  5   -RR #:   1381105920
RECV          SEQ# 364 LEN 1007 FLAGS 16   -Data #:  364
SEND MSG# 366 SEQ# 365 LEN    9 FLAGS  5   -RR #:   1381105920
RECV          SEQ# 365 LEN 1007 FLAGS 16   -Data #:  365
SEND MSG# 367 SEQ# 366 LEN    9 FLAGS  5   -RR #:   1381105920
RECV          SEQ# 366 LEN 1007 FLAGS 16   -Data #:  366
SEND MSG# 368 SEQ# 367 LEN    9 FLAGS  5   -RR #:   1381105920
RECV          SEQ# 367 LEN 1007 FLAGS 16   -Data #:  367
SEND MSG# 369 SEQ# 368 LEN    9 FLAGS  5   -RR #:   1381105920 - DROPPED 
RECV          SEQ# 368 LEN 1007 FLAGS 16   -Data #:  368
SEND MSG# 370 SEQ# 369 LEN    9 FLAGS  5   -RR #:   1381105920
RECV          SEQ# 369 LEN 1007 FLAGS 16   -Data #:  369
SEND MSG# 371 SEQ# 370 LEN    9 FLAGS  5   -RR #:   1381105920
RECV          SEQ# 370 LEN 1007 FLAGS 16   -Data #:  370
SEND MSG# 372 SEQ# 371 LEN    9 FLAGS  5   -RR #:   1381105920
RECV          SEQ# 371 LEN 1007 FLAGS 16   -Data #:  371
SEND MSG# 373 SEQ# 372 LEN    9 FLAGS  5   -RR #:   1381105920
RECV          SEQ# 372 LEN 1007 FLAGS 16   -Data #:  372
SEND MSG# 374 SEQ# 373 LEN    9 FLAGS  5   -RR #:   1381105920
RECV          SEQ# 373 LEN 1007 FLAGS 16   -Data #:  373
SEND MSG# 375 SEQ# 374 LEN    9 FLAGS  5   -RR #:   1381105920
RECV          SEQ# 374 LEN 1007 FLAGS 16   -Data #:  374
SEND MSG# 376 SEQ# 375 LEN    9 FLAGS  5   -RR #:   1381105920 - DROPPED 
RECV          SEQ# 375 LEN 1007 FLAGS 16   -Data #:  375
SEND MSG# 377 SEQ# 376 LEN    9 FLAGS  5   -RR #:   1381105920
RECV          SEQ# 376 LEN 1007 FLAGS 16   -Data #:  376
SEND MSG# 378 SEQ# 377 LEN    9 FLAGS  5   -RR #:   1381105920
RECV          SEQ# 377 LEN 1007 FLAGS 16   -Data #:  377
SEND MSG# 379 SEQ# 378 LEN    9 FLAGS  5   -RR #:   1381105920
RECV          SEQ# 378 LEN 1007 FLAGS 16   -Data #:  378
SEND MSG# 380 SEQ# 379 LEN    9 FLAGS  5   -RR #:   1381105920
RECV          SEQ# 379 LEN 1007 FLAGS 16   -Data #:  379
SEND MSG# 381 SEQ# 380 LEN    9 FLAGS  5   -RR #:   1381105920
RECV          SEQ# 380 LEN 1007 FLAGS 16   -Data #:  380
SEND MSG# 382 SEQ# 381 LEN    9 FLAGS  5   -RR #:   1381105920
RECV          SEQ# 381 LEN 1007 FLAGS 16   -Data #:  381
SEND MSG# 383 SEQ# 382 LEN    9 FLAGS  5   -RR #:   1381105920
RECV          SEQ# 382 LEN 1007 FLAGS 16   -Data #:  382
SEND MSG# 384 SEQ# 383 LEN    9 FLAGS  5   -RR #:   1381105920
RECV          SEQ# 383 LEN 1007 FLAGS 16   -Data #:  383
SEND MSG# 385 SEQ# 384 LEN    9 FLAGS  5   -RR #:   1381105920
RECV          SEQ# 384 LEN 1007 FLAGS 16   -Data #:  384
SEND MSG# 386 SEQ# 385 LEN    9 FLAGS  5   -RR #:   1381105920
RECV          SEQ# 385 LEN 1007 FLAGS 16   -Data #:  385
SEND MSG# 387 SEQ# 386 LEN    9 FLAGS  5   -RR #:   1381105920
RECV          SEQ# 386 LEN 1007 FLAGS 16   -Data #:  386
SEND MSG# 388 SEQ# 387 LEN    9 FLAGS  5   -RR #:   1381105920
RECV          SEQ# 387 LEN 1007 FLAGS 16   -Data #:  387
SEND MSG# 389 SEQ# 388 LEN    9 FLAGS  5   -RR #:   1381105920
RECV          SEQ# 388 LEN 1007 FLAGS 16   -Data #:  388
SEND MSG# 390 SEQ# 389 LEN    9 FLAGS  5   -RR #:   1381105920
RECV          SEQ# 389 LEN 1007 FLAGS 16   -Data #:  389
SEND MSG# 391 SEQ# 390 LEN    9 FLAGS  5   -RR #:   1381105920
RECV          SEQ# 390 LEN 1007 FLAGS 16   -Data #:  390
SEND MSG# 392 SEQ# 391 LEN    9 FLAGS  5   -RR #:   1381105920
RECV          SEQ# 391 LEN 1007 FLAGS 16   -Data #:  391
SEND MSG# 393 SEQ# 392 LEN    9 FLAGS  5   -RR #:   1381105920
RECV          SEQ# 392 LEN 1007 FLAGS 16   -Data #:  392
SEND MSG# 394 SEQ# 393 LEN    9 FLAGS  5   -RR #:   1381105920
RECV          SEQ# 393 LEN 1007 FLAGS 16   -Data #:  393
SEND MSG# 395 SEQ# 394 LEN    9 FLAGS  5   -RR #:   1381105920
RECV          SEQ# 394 LEN 1007 FLAGS 16   -Data #:  394
SEND MSG# 396 SEQ# 395 LEN    9 FLAGS  5   -RR #:   1381105920
RECV          SEQ# 395 LEN 1007 FLAGS 16   -Data #:  395
SEND MSG# 397 SEQ# 396 LEN    9 FLAGS  5   -RR #:   1381105920
RECV          SEQ# 396 LEN 1007 FLAGS 16   -Data #:  396
SEND MSG# 398 SEQ# 397 LEN    9 FLAGS  5   -RR #:   1381105920
RECV          SEQ# 397 LEN 1007 FLAGS 16   -Data #:  397
SEND MSG# 399 SEQ# 398 LEN    9 FLAGS  5   -RR #:   1381105920
RECV          SEQ# 398 LEN 1007 FLAGS 16   -Data #:  398
SEND MSG# 400 SEQ# 399 LEN    9 FLAGS  5   -RR #:   1381105920
RECV          SEQ# 399 LEN 1007 FLAGS 16   -Data #:  399
SEND MSG# 401 SEQ# 400 LEN    9 FLAGS  5   -RR #:   1381105920
RECV          SEQ# 400 LEN 1007 FLAGS 16   -Data #:  400
SEND MSG# 402 SEQ# 401 LEN    9 FLAGS  5   -RR #:   1381105920
RECV          SEQ# 401 LEN 1007 FLAGS 16   -Data #:  401
SEND MSG# 403 SEQ# 402 LEN    9 FLAGS  5   -RR #:   1381105920
RECV          SEQ# 402 LEN 1007 FLAGS 16   -Data #:  402
SEND MSG# 404 SEQ# 403 LEN    9 FLAGS  5   -RR #:   1381105920
RECV          SEQ# 403 LEN 1007 FLAGS 16   -Data #:  403
SEND MSG# 405 SEQ# 404 LEN    9 FLAGS  5   -RR #:   1381105920
RECV          SEQ# 404 LEN 1007 FLAGS 16   -Data #:  404
SEND MSG# 406 SEQ# 405 LEN    9 FLAGS  5   -RR #:   1381105920
RECV          SEQ# 405 LEN 1007 FLAGS 16   -Data #:  405
SEND MSG# 407 SEQ# 406 LEN    9 FLAGS  5   -RR #:   1381105920
RECV          SEQ# 406 LEN 1007 FLAGS 16   -Data #:  406
SEND MSG# 408 SEQ# 407 LEN    9 FLAGS  5   -RR #:   1381105920
RECV          SEQ# 407 LEN 1007 FLAGS 16   -Data #:  407
SEND MSG# 409 SEQ# 408 LEN    9 FLAGS  5   -RR #:   1381105920
RECV          SEQ# 408 LEN 1007 FLAGS 16   -Data #:  408
SEND MSG# 410 SEQ# 409 LEN    9 FLAGS  5   -RR #:   1381105920 - DROPPED 
RECV          SEQ# 409 LEN 1007 FLAGS 16   -Data #:  409
SEND MSG# 411 SEQ# 410 LEN    9 FLAGS  5   -RR #:   1381105920 - DROPPED 
RECV          SEQ# 410 LEN 1007 FLAGS 16   -Data #:  410
SEND MSG# 412 SEQ# 411 LEN    9 FLAGS  5   -RR #:   1381105920
RECV          SEQ# 411 LEN 1007 FLAGS 16   -Data #:  411
SEND MSG# 413 SEQ# 412 LEN    9 FLAGS  5   -RR #:   1381105920
RECV          SEQ# 412 LEN 1007 FLAGS 16   -Data #:  412
SEND MSG# 414 SEQ# 413 LEN    9 FLAGS  5   -RR #:   1381105920 - DROPPED 
RECV          SEQ# 413 LEN 1007 FLAGS 16   -Data #:  413
SEND MSG# 415 SEQ# 414 LEN    9 FLAGS  5   -RR #:   1381105920
RECV          SEQ# 414 LEN 1007 FLAGS 16   -Data #:  414
SEND MSG# 416 SEQ# 415 LEN    9 FLAGS  5   -RR #:   1381105920
RECV          SEQ# 415 LEN 1007 FLAGS 16   -Data #:  415
SEND MSG# 417 SEQ# 416 LEN    9 FLAGS  5   -RR #:   1381105920
RECV          SEQ# 416 LEN 1007 FLAGS 16   -Data #:  416
SEND MSG# 418 SEQ# 417 LEN    9 FLAGS  5   -RR #:   1381105920
RECV          SEQ# 417 LEN 1007 FLAGS 16   -Data #:  417
SEND MSG# 419 SEQ# 418 LEN    9 FLAGS  5   -RR #:   1381105920
RECV          SEQ# 418 LEN 1007 FLAGS 16   -Data #:  418
SEND MSG# 420 SEQ# 419 LEN    9 FLAGS  5   -RR #:   1381105920
RECV          SEQ# 419 LEN 1007 FLAGS 16   -Data #:  419
SEND MSG# 421 SEQ# 420 LEN    9 FLAGS  5   -RR #:   1381105920
RECV          SEQ# 420 LEN 1007 FLAGS 16   -Data #:  420
SEND MSG# 422 SEQ# 421 LEN    9 FLAGS  5   -RR #:   1381105920
RECV          SEQ# 421 LEN 1007 FLAGS 16   -Data #:  421
SEND MSG# 423 SEQ# 422 LEN    9 FLAGS  5   -RR #:   1381105920
RECV          SEQ# 422 LEN 1007 FLAGS 16   -Data #:  422
SEND MSG# 424 SEQ# 423 LEN    9 FLAGS  5   -RR #:   1381105920
RECV          SEQ# 423 LEN 1007 FLAGS 16   -Data #:  423
SEND MSG# 425 SEQ# 424 LEN    9 FLAGS  5   -RR #:   1381105920
RECV          SEQ# 424 LEN 1007 FLAGS 16   -Data #:  424
SEND MSG# 426 SEQ# 425 LEN    9 FLAGS  5   -RR #:   1381105920
RECV          SEQ# 425 LEN 1007 FLAGS 16   -Data #:  425
SEND MSG# 427 SEQ# 426 LEN    9 FLAGS  5   -RR #:   1381105920
RECV          SEQ# 426 LEN 1007 FLAGS 16   -Data #:  426
SEND MSG# 428 SEQ# 427 LEN    9 FLAGS  5   -RR #:   1381105920
RECV          SEQ# 427 LEN 1007 FLAGS 16   -Data #:  427
SEND MSG# 429 SEQ# 428 LEN    9 FLAGS  5   -RR #:   1381105920
RECV          SEQ# 428 LEN 1007 FLAGS 16   -Data #:  428
SEND MSG# 430 SEQ# 429 LEN    9 FLAGS  5   -RR #:   1381105920
RECV          SEQ# 429 LEN 1007 FLAGS 16   -Data #:  429
SEND MSG# 431 SEQ# 430 LEN    9 FLAGS  5   -RR #:   1381105920
RECV          SEQ# 430 LEN   87 FLAGS 10   -User defined 
SEND MSG# 432 SEQ#   0 LEN   14 FLAGS 10   -User defined 
======== SeqNo Report ========
  Msgs (Total)       :   432
  Msgs (Unique SeqNo):   431
==============================
acket 295 to file
Writing packet 296 to file
Writing packet 297 to file
Writing packet 298 to file
Writing packet 299 to file
Writing packet 300 to file
Writing packet 301 to file
Writing packet 302 to file
Writing packet 303 to file
Writing packet 304 to file
Writing packet 305 to file
Writing packet 306 to file
Writing packet 307 to file
Writing packet 308 to file
Writing packet 309 to file
Writing packet 310 to file
Writing packet 311 to file
Writing packet 312 to file
Writing packet 313 to file
Writing packet 314 to file
Writing packet 315 to file
Writing packet 316 to file
Writing packet 317 to file
Writing packet 318 to file
Writing packet 319 to file
Writing packet 320 to file
Writing packet 321 to file
Writing packet 322 to file
Writing packet 323 to file
Writing packet 324 to file
Writing packet 325 to file
Writing packet 326 to file
Writing packet 327 to file
Writing packet 328 to file
Writing packet 329 to file
Writing packet 330 to file
Writing packet 331 to file
Writing packet 332 to file
Writing packet 333 to file
Writing packet 334 to file
Writing packet 335 to file
Writing packet 336 to file
Writing packet 337 to file
Writing packet 338 to file
Writing packet 339 to file
Writing packet 340 to file
Writing packet 341 to file
Writing packet 342 to file
Writing packet 343 to file
Writing packet 344 to file
Writing packet 345 to file
Writing packet 346 to file
Writing packet 347 to file
Writing packet 348 to file
Writing packet 349 to file
Writing packet 350 to file
Writing packet 351 to file
Writing packet 352 to file
Writing packet 353 to file
Writing packet 354 to file
Writing packet 355 to file
Writing packet 356 to file
Writing packet 357 to file
Writing packet 358 to file
Writing packet 359 to file
Writing packet 360 to file
Writing packet 361 to file
Writing packet 362 to file
Writing packet 363 to file
Writing packet 364 to file
Writing packet 365 to file
Writing packet 366 to file
Writing packet 367 to file
Writing packet 368 to file
Writing packet 369 to file
Writing packet 370 to file
Writing packet 371 to file
Writing packet 372 to file
Writing packet 373 to file
Writing packet 374 to file
Writing packet 375 to file
Writing packet 376 to file
Writing packet 377 to file
Writing packet 378 to file
Writing packet 379 to file
Writing packet 380 to file
Writing packet 381 to file
Writing packet 382 to file
Writing packet 383 to file
Writing packet 384 to file
Writing packet 385 to file
Writing packet 386 to file
Writing packet 387 to file
Writing packet 388 to file
Writing packet 389 to file
Writing packet 390 to file
Writing packet 391 to file
Writing packet 392 to file
Writing packet 393 to file
Writing packet 394 to file
Writing packet 395 to file
Writing packet 396 to file
Writing packet 397 to file
Writing packet 398 to file
Writing packet 399 to file
Writing packet 400 to file
Writing packet 401 to file
Writing packet 402 to file
Writing packet 403 to file
Writing packet 404 to file
Writing packet 405 to file
Writing packet 406 to file
Writing packet 407 to file
Writing packet 408 to file
Writing packet 409 to file
Writing packet 410 to file
Writing packet 411 to file
Writing packet 412 to file
Writing packet 413 to file
Writing packet 414 to file
Writing packet 415 to file
Writing packet 416 to file
Writing packet 417 to file
Writing packet 418 to file
Writing packet 419 to file
Writing packet 420 to file
Writing packet 421 to file
Writing packet 422 to file
Writing packet 423 to file
Writing packet 424 to file
Writing packet 425 to file
Writing packet 426 to file
Writing packet 427 to file
Writing packet 428 to file
Writing packet 429 to file
EOF received and acknowledged
Sent EOF ACK with seq=430
----- File Transfer done! -----
Client shutdown complete.

real	0m0.020s
user	0m0.008s
sys	0m0.008s
