Send Err-INIT ErrRate: 0.15 Drop: Y Flip: N Rand: Y Debug: Y
SEND MSG#   1 SEQ#   0 LEN   37 FLAGS  8   -FNAME request
RECV          SEQ#   0 LEN    9 FLAGS  9   -FNAME response
RECV          SEQ#   0 LEN 1007 FLAGS 16   -Data #:    0
SEND MSG#   2 SEQ#   1 LEN    9 FLAGS  5   -RR #:   1381105664
RECV          SEQ#   1 LEN 1007 FLAGS 16   -Data #:    1
SEND MSG#   3 SEQ#   2 LEN    9 FLAGS  5   -RR #:   1381105664
RECV          SEQ#   2 LEN 1007 FLAGS 16   -Data #:    2 - RECV Corrupted packet
SEND MSG#   4 SEQ#   2 LEN   11 FLAGS  6   -SREJ #: 1397900618 - DROPPED 
RECV          SEQ#   3 LEN 1007 FLAGS 16   -Data #:    3
SEND MSG#   5 SEQ#   2 LEN   11 FLAGS  6   -SREJ #: 1397900618
RECV          SEQ#   4 LEN 1007 FLAGS 16   -Data #:    4 - RECV Corrupted packet
SEND MSG#   6 SEQ#   2 LEN   11 FLAGS  6   -SREJ #: 1397900618
RECV          SEQ#   5 LEN 1007 FLAGS 16   -Data #:    5
SEND MSG#   7 SEQ#   2 LEN   11 FLAGS  6   -SREJ #: 1397900618 - DROPPED 
RECV          SEQ#   6 LEN 1007 FLAGS 16   -Data #:    6
SEND MSG#   8 SEQ#   2 LEN   11 FLAGS  6   -SREJ #: 1397900618
RECV          SEQ#   7 LEN 1007 FLAGS 16   -Data #:    7
SEND MSG#   9 SEQ#   2 LEN   11 FLAGS  6   -SREJ #: 1397900618
RECV          SEQ#   8 LEN 1007 FLAGS 16   -Data #:    8
SEND MSG#  10 SEQ#   2 LEN   11 FLAGS  6   -SREJ #: 1397900618
RECV          SEQ#   9 LEN 1007 FLAGS 16   -Data #:    9
SEND MSG#  11 SEQ#   2 LEN   11 FLAGS  6   -SREJ #: 1397900618
RECV          SEQ#  10 LEN 1007 FLAGS 16   -Data #:   10
SEND MSG#  12 SEQ#   2 LEN   11 FLAGS  6   -SREJ #: 1397900618
RECV          SEQ#  11 LEN 1007 FLAGS 16   -Data #:   11 - RECV Corrupted packet
SEND MSG#  13 SEQ#   2 LEN   11 FLAGS  6   -SREJ #: 1397900618
RECV          SEQ#   2 LEN 1007 FLAGS 16   -Data #:    2
SEND MSG#  14 SEQ#   4 LEN    9 FLAGS  5   -RR #:   1381105664
RECV          SEQ#   2 LEN 1007 FLAGS 16   -Data #:    2
SEND MSG#  15 SEQ#   4 LEN    9 FLAGS  5   -RR #:   1381105664 - DROPPED 
RECV          SEQ#   2 LEN 1007 FLAGS 16   -Data #:    2
SEND MSG#  16 SEQ#   4 LEN    9 FLAGS  5   -RR #:   1381105664
RECV          SEQ#   2 LEN 1007 FLAGS 16   -Data #:    2
SEND MSG#  17 SEQ#   4 LEN    9 FLAGS  5   -RR #:   1381105664
RECV          SEQ#   2 LEN 1007 FLAGS 16   -Data #:    2 - RECV Corrupted packet
SEND MSG#  18 SEQ#   4 LEN   11 FLAGS  6   -SREJ #: 1397900618
RECV          SEQ#   2 LEN 1007 FLAGS 16   -Data #:    2 - RECV Corrupted packet
SEND MSG#  19 SEQ#   4 LEN   11 FLAGS  6   -SREJ #: 1397900618
RECV          SEQ#  12 LEN 1007 FLAGS 16   -Data #:   12
SEND MSG#  20 SEQ#   4 LEN   11 FLAGS  6   -SREJ #: 1397900618
RECV          SEQ#  13 LEN 1007 FLAGS 16   -Data #:   13 - RECV Corrupted packet
SEND MSG#  21 SEQ#   4 LEN   11 FLAGS  6   -SREJ #: 1397900618
RECV          SEQ#   4 LEN 1007 FLAGS 16   -Data #:    4
SEND MSG#  22 SEQ#  11 LEN    9 FLAGS  5   -RR #:   1381105664
RECV          SEQ#   4 LEN 1007 FLAGS 16   -Data #:    4
SEND MSG#  23 SEQ#  11 LEN    9 FLAGS  5   -RR #:   1381105664 - DROPPED 
RECV          SEQ#   4 LEN 1007 FLAGS 16   -Data #:    4
SEND MSG#  24 SEQ#  11 LEN    9 FLAGS  5   -RR #:   1381105664
RECV          SEQ#   4 LEN 1007 FLAGS 16   -Data #:    4
SEND MSG#  25 SEQ#  11 LEN    9 FLAGS  5   -RR #:   1381105664 - DROPPED 
RECV          SEQ#  14 LEN 1007 FLAGS 16   -Data #:   14
SEND MSG#  26 SEQ#  11 LEN   11 FLAGS  6   -SREJ #: 1397900618
RECV          SEQ#  15 LEN 1007 FLAGS 16   -Data #:   15
SEND MSG#  27 SEQ#  11 LEN   11 FLAGS  6   -SREJ #: 1397900618
RECV          SEQ#  18 LEN 1007 FLAGS 16   -Data #:   18
SEND MSG#  28 SEQ#  11 LEN   11 FLAGS  6   -SREJ #: 1397900618 - DROPPED 
RECV          SEQ#  19 LEN 1007 FLAGS 16   -Data #:   19
SEND MSG#  29 SEQ#  11 LEN   11 FLAGS  6   -SREJ #: 1397900618
RECV          SEQ#  20 LEN 1007 FLAGS 16   -Data #:   20
SEND MSG#  30 SEQ#  11 LEN   11 FLAGS  6   -SREJ #: 1397900618
RECV          SEQ#  11 LEN 1007 FLAGS 16   -Data #:   11
SEND MSG#  31 SEQ#  13 LEN    9 FLAGS  5   -RR #:   1381105664
RECV          SEQ#  11 LEN 1007 FLAGS 16   -Data #:   11
SEND MSG#  32 SEQ#  13 LEN    9 FLAGS  5   -RR #:   1381105664
RECV          SEQ#  21 LEN 1007 FLAGS 16   -Data #:   21
SEND MSG#  33 SEQ#  13 LEN   11 FLAGS  6   -SREJ #: 1397900618
RECV          SEQ#  22 LEN 1007 FLAGS 16   -Data #:   22 - RECV Corrupted packet
SEND MSG#  34 SEQ#  13 LEN   11 FLAGS  6   -SREJ #: 1397900618
RECV          SEQ#  13 LEN 1007 FLAGS 16   -Data #:   13
SEND MSG#  35 SEQ#  16 LEN    9 FLAGS  5   -RR #:   1381105664
RECV          SEQ#  13 LEN 1007 FLAGS 16   -Data #:   13
SEND MSG#  36 SEQ#  16 LEN    9 FLAGS  5   -RR #:   1381105664
RECV          SEQ#  23 LEN 1007 FLAGS 16   -Data #:   23
SEND MSG#  37 SEQ#  16 LEN   11 FLAGS  6   -SREJ #: 1397900618
RECV          SEQ#  24 LEN 1007 FLAGS 16   -Data #:   24
SEND MSG#  38 SEQ#  16 LEN   11 FLAGS  6   -SREJ #: 1397900618
RECV          SEQ#  25 LEN 1007 FLAGS 16   -Data #:   25
SEND MSG#  39 SEQ#  16 LEN   11 FLAGS  6   -SREJ #: 1397900618
RECV          SEQ#  16 LEN 1007 FLAGS 16   -Data #:   16
SEND MSG#  40 SEQ#  17 LEN    9 FLAGS  5   -RR #:   1381105664
RECV          SEQ#  16 LEN 1007 FLAGS 16   -Data #:   16
SEND MSG#  41 SEQ#  17 LEN    9 FLAGS  5   -RR #:   1381105664
RECV          SEQ#  16 LEN 1007 FLAGS 16   -Data #:   16
SEND MSG#  42 SEQ#  17 LEN    9 FLAGS  5   -RR #:   1381105664
RECV          SEQ#  26 LEN 1007 FLAGS 16   -Data #:   26
SEND MSG#  43 SEQ#  17 LEN   11 FLAGS  6   -SREJ #: 1397900618
RECV          SEQ#  17 LEN 1007 FLAGS 16   -Data #:   17
SEND MSG#  44 SEQ#  22 LEN    9 FLAGS  5   -RR #:   1381105664
RECV          SEQ#  27 LEN 1007 FLAGS 16   -Data #:   27
SEND MSG#  45 SEQ#  22 LEN   11 FLAGS  6   -SREJ #: 1397900618
RECV          SEQ#  28 LEN 1007 FLAGS 16   -Data #:   28
SEND MSG#  46 SEQ#  22 LEN   11 FLAGS  6   -SREJ #: 1397900618 - DROPPED 
RECV          SEQ#  29 LEN 1007 FLAGS 16   -Data #:   29
SEND MSG#  47 SEQ#  22 LEN   11 FLAGS  6   -SREJ #: 1397900618
RECV          SEQ#  30 LEN 1007 FLAGS 16   -Data #:   30
SEND MSG#  48 SEQ#  22 LEN   11 FLAGS  6   -SREJ #: 1397900618
RECV          SEQ#  31 LEN 1007 FLAGS 16   -Data #:   31
SEND MSG#  49 SEQ#  22 LEN   11 FLAGS  6   -SREJ #: 1397900618
RECV          SEQ#  22 LEN 1007 FLAGS 16   -Data #:   22
SEND MSG#  50 SEQ#  32 LEN    9 FLAGS  5   -RR #:   1381105664
RECV          SEQ#  22 LEN 1007 FLAGS 16   -Data #:   22
SEND MSG#  51 SEQ#  32 LEN    9 FLAGS  5   -RR #:   1381105664
RECV          SEQ#  22 LEN 1007 FLAGS 16   -Data #:   22
SEND MSG#  52 SEQ#  32 LEN    9 FLAGS  5   -RR #:   1381105664
RECV          SEQ#  22 LEN 1007 FLAGS 16   -Data #:   22
SEND MSG#  53 SEQ#  32 LEN    9 FLAGS  5   -RR #:   1381105664
RECV          SEQ#  32 LEN 1007 FLAGS 16   -Data #:   32
SEND MSG#  54 SEQ#  33 LEN    9 FLAGS  5   -RR #:   1381105664
RECV          SEQ#  33 LEN 1007 FLAGS 16   -Data #:   33
SEND MSG#  55 SEQ#  34 LEN    9 FLAGS  5   -RR #:   1381105664
RECV          SEQ#  34 LEN 1007 FLAGS 16   -Data #:   34
SEND MSG#  56 SEQ#  35 LEN    9 FLAGS  5   -RR #:   1381105664
RECV          SEQ#  35 LEN 1007 FLAGS 16   -Data #:   35 - RECV Corrupted packet
SEND MSG#  57 SEQ#  35 LEN   11 FLAGS  6   -SREJ #: 1397900618
RECV          SEQ#  36 LEN 1007 FLAGS 16   -Data #:   36
SEND MSG#  58 SEQ#  35 LEN   11 FLAGS  6   -SREJ #: 1397900618
RECV          SEQ#  37 LEN 1007 FLAGS 16   -Data #:   37
SEND MSG#  59 SEQ#  35 LEN   11 FLAGS  6   -SREJ #: 1397900618
RECV          SEQ#  38 LEN 1007 FLAGS 16   -Data #:   38 - RECV Corrupted packet
SEND MSG#  60 SEQ#  35 LEN   11 FLAGS  6   -SREJ #: 1397900618
RECV          SEQ#  39 LEN 1007 FLAGS 16   -Data #:   39 - RECV Corrupted packet
SEND MSG#  61 SEQ#  35 LEN   11 FLAGS  6   -SREJ #: 1397900618
RECV          SEQ#  40 LEN 1007 FLAGS 16   -Data #:   40
SEND MSG#  62 SEQ#  35 LEN   11 FLAGS  6   -SREJ #: 1397900618
RECV          SEQ#  41 LEN 1007 FLAGS 16   -Data #:   41
SEND MSG#  63 SEQ#  35 LEN   11 FLAGS  6   -SREJ #: 1397900618
RECV          SEQ#  42 LEN 1007 FLAGS 16   -Data #:   42
SEND MSG#  64 SEQ#  35 LEN   11 FLAGS  6   -SREJ #: 1397900618
RECV          SEQ#  43 LEN 1007 FLAGS 16   -Data #:   43
SEND MSG#  65 SEQ#  35 LEN   11 FLAGS  6   -SREJ #: 1397900618
RECV          SEQ#  44 LEN 1007 FLAGS 16   -Data #:   44
SEND MSG#  66 SEQ#  35 LEN   11 FLAGS  6   -SREJ #: 1397900618
RECV          SEQ#  35 LEN 1007 FLAGS 16   -Data #:   35
SEND MSG#  67 SEQ#  38 LEN    9 FLAGS  5   -RR #:   1381105664
RECV          SEQ#  35 LEN 1007 FLAGS 16   -Data #:   35
SEND MSG#  68 SEQ#  38 LEN    9 FLAGS  5   -RR #:   1381105664
RECV          SEQ#  35 LEN 1007 FLAGS 16   -Data #:   35
SEND MSG#  69 SEQ#  38 LEN    9 FLAGS  5   -RR #:   1381105664
RECV          SEQ#  35 LEN 1007 FLAGS 16   -Data #:   35
SEND MSG#  70 SEQ#  38 LEN    9 FLAGS  5   -RR #:   1381105664 - DROPPED 
RECV          SEQ#  35 LEN 1007 FLAGS 16   -Data #:   35
SEND MSG#  71 SEQ#  38 LEN    9 FLAGS  5   -RR #:   1381105664
RECV          SEQ#  35 LEN 1007 FLAGS 16   -Data #:   35 - RECV Corrupted packet
SEND MSG#  72 SEQ#  38 LEN   11 FLAGS  6   -SREJ #: 1397900618
RECV          SEQ#  35 LEN 1007 FLAGS 16   -Data #:   35
SEND MSG#  73 SEQ#  38 LEN    9 FLAGS  5   -RR #:   1381105664
RECV          SEQ#  35 LEN 1007 FLAGS 16   -Data #:   35 - RECV Corrupted packet
SEND MSG#  74 SEQ#  38 LEN   11 FLAGS  6   -SREJ #: 1397900618 - DROPPED 
RECV          SEQ#  35 LEN 1007 FLAGS 16   -Data #:   35
SEND MSG#  75 SEQ#  38 LEN    9 FLAGS  5   -RR #:   1381105664
RECV          SEQ#  35 LEN 1007 FLAGS 16   -Data #:   35
SEND MSG#  76 SEQ#  38 LEN    9 FLAGS  5   -RR #:   1381105664 - DROPPED 
RECV          SEQ#  45 LEN 1007 FLAGS 16   -Data #:   45 - RECV Corrupted packet
SEND MSG#  77 SEQ#  38 LEN   11 FLAGS  6   -SREJ #: 1397900618
RECV          SEQ#  46 LEN 1007 FLAGS 16   -Data #:   46
SEND MSG#  78 SEQ#  38 LEN   11 FLAGS  6   -SREJ #: 1397900618
RECV          SEQ#  47 LEN 1007 FLAGS 16   -Data #:   47
SEND MSG#  79 SEQ#  38 LEN   11 FLAGS  6   -SREJ #: 1397900618
RECV          SEQ#  38 LEN 1007 FLAGS 16   -Data #:   38
SEND MSG#  80 SEQ#  39 LEN    9 FLAGS  5   -RR #:   1381105664
RECV          SEQ#  38 LEN 1007 FLAGS 16   -Data #:   38
SEND MSG#  81 SEQ#  39 LEN    9 FLAGS  5   -RR #:   1381105664
RECV          SEQ#  38 LEN 1007 FLAGS 16   -Data #:   38
SEND MSG#  82 SEQ#  39 LEN    9 FLAGS  5   -RR #:   1381105664
RECV          SEQ#  38 LEN 1007 FLAGS 16   -Data #:   38
SEND MSG#  83 SEQ#  39 LEN    9 FLAGS  5   -RR #:   1381105664
RECV          SEQ#  48 LEN 1007 FLAGS 16   -Data #:   48
SEND MSG#  84 SEQ#  39 LEN   11 FLAGS  6   -SREJ #: 1397900618
RECV          SEQ#  39 LEN 1007 FLAGS 16   -Data #:   39
SEND MSG#  85 SEQ#  45 LEN    9 FLAGS  5   -RR #:   1381105664
RECV          SEQ#  49 LEN 1007 FLAGS 16   -Data #:   49
SEND MSG#  86 SEQ#  45 LEN   11 FLAGS  6   -SREJ #: 1397900618
RECV          SEQ#  50 LEN 1007 FLAGS 16   -Data #:   50
SEND MSG#  87 SEQ#  45 LEN   11 FLAGS  6   -SREJ #: 1397900618
RECV          SEQ#  51 LEN  207 FLAGS 10   -User defined 
SEND MSG#  88 SEQ#  45 LEN   11 FLAGS  6   -SREJ #: 1397900618 - DROPPED 
RECV          SEQ#  45 LEN 1007 FLAGS 16   -Data #:   45
SEND MSG#  89 SEQ#  51 LEN    9 FLAGS  5   -RR #:   1381105664
RECV          SEQ#  45 LEN 1007 FLAGS 16   -Data #:   45
SEND MSG#  90 SEQ#  51 LEN    9 FLAGS  5   -RR #:   1381105664
SEND MSG#  91 SEQ#  51 LEN    9 FLAGS  5   -RR #:   1381105664 - DROPPED 
RECV          SEQ#  51 LEN    7 FLAGS 10   -User defined 
SEND MSG#  92 SEQ#   0 LEN   14 FLAGS 10   -User defined 
======== SeqNo Report ========
  Msgs (Total)       :    92
  Msgs (Unique SeqNo):    17
==============================
argc: 8----- FSM: STATE_INIT -----
Server info - IP: ::ffff:127.0.0.1 Port: 41418 
----- FSM: STATE_HANDSHAKE -----
Sent filename packet: test_files/medium.dat
Handshake attempt 1...
Received ACK from server.
ACK Payload: "Ok"
Handshake successful! Proceeding to file reception at port: 48875
----- FSM: STATE_FILE_RECEIVE -----
Writing packet 0 to file
Writing packet 1 to file
Out-of-order packet 3, expecting 2
Out-of-order packet 5, expecting 2
Out-of-order packet 6, expecting 2
Out-of-order packet 7, expecting 2
Out-of-order packet 8, expecting 2
Out-of-order packet 9, expecting 2
Out-of-order packet 10, expecting 2
Writing packet 2 to file
Writing packet 3 to file
Duplicate packet 2
Duplicate packet 2
Duplicate packet 2
Out-of-order packet 12, expecting 4
Writing packet 4 to file
Writing packet 5 to file
Writing packet 6 to file
Writing packet 7 to file
Writing packet 8 to file
Writing packet 9 to file
Writing packet 10 to file
Duplicate packet 4
Duplicate packet 4
Duplicate packet 4
Out-of-order packet 14, expecting 11
Out-of-order packet 15, expecting 11
Out-of-order packet 18, expecting 11
Out-of-order packet 19, expecting 11
Out-of-order packet 20, expecting 11
Writing packet 11 to file
Writing packet 12 to file
Duplicate packet 11
Out-of-order packet 21, expecting 13
Writing packet 13 to file
Writing packet 14 to file
Writing packet 15 to file
Duplicate packet 13
Out-of-order packet 23, expecting 16
Out-of-order packet 24, expecting 16
Out-of-order packet 25, expecting 16
Writing packet 16 to file
Duplicate packet 16
Duplicate packet 16
Out-of-order packet 26, expecting 17
Writing packet 17 to file
Writing packet 18 to file
Writing packet 19 to file
Writing packet 20 to file
Writing packet 21 to file
Out-of-order packet 27, expecting 22
Out-of-order packet 28, expecting 22
Out-of-order packet 29, expecting 22
Out-of-order packet 30, expecting 22
Out-of-order packet 31, expecting 22
Writing packet 22 to file
Writing packet 23 to file
Writing packet 24 to file
Writing packet 25 to file
Writing packet 26 to file
Writing packet 27 to file
Writing packet 28 to file
Writing packet 29 to file
Writing packet 30 to file
Writing packet 31 to file
Duplicate packet 22
Duplicate packet 22
Duplicate packet 22
Writing packet 32 to file
Writing packet 33 to file
Writing packet 34 to file
Out-of-order packet 36, expecting 35
Out-of-order packet 37, expecting 35
Out-of-order packet 40, expecting 35
Out-of-order packet 41, expecting 35
Out-of-order packet 42, expecting 35
Out-of-order packet 43, expecting 35
Out-of-order packet 44, expecting 35
Writing packet 35 to file
Writing packet 36 to file
Writing packet 37 to file
Duplicate packet 35
Duplicate packet 35
Duplicate packet 35
Duplicate packet 35
Duplicate packet 35
Duplicate packet 35
Duplicate packet 35
Out-of-order packet 46, expecting 38
Out-of-order packet 47, expecting 38
Writing packet 38 to file
Duplicate packet 38
Duplicate packet 38
Duplicate packet 38
Out-of-order packet 48, expecting 39
Writing packet 39 to file
Writing packet 40 to file
Writing packet 41 to file
Writing packet 42 to file
Writing packet 43 to file
Writing packet 44 to file
Out-of-order packet 49, expecting 45
Out-of-order packet 50, expecting 45
Writing packet 45 to file
Writing packet 46 to file
Writing packet 47 to file
Writing packet 48 to file
Writing packet 49 to file
Writing packet 50 to file
Duplicate packet 45
Timeout 1/10
EOF received and acknowledged
Sent EOF ACK with seq=51
----- File Transfer done! -----
Client shutdown complete.

real	0m1.008s
user	0m0.006s
sys	0m0.001s
